#
# There is insufficient memory for the Java Runtime Environment to continue.
# Native memory allocation (malloc) failed to allocate 1806096 bytes for Chunk::new
# Possible reasons:
#   The system is out of physical RAM or swap space
#   The process is running with CompressedOops enabled, and the Java Heap may be blocking the growth of the native heap
# Possible solutions:
#   Reduce memory load on the system
#   Increase physical memory or swap space
#   Check if swap backing store is full
#   Decrease Java heap size (-Xmx/-Xms)
#   Decrease number of Java threads
#   Decrease Java thread stack sizes (-Xss)
#   Set larger code cache with -XX:ReservedCodeCacheSize=
#   JVM is running with Unscaled Compressed Oops mode in which the Java heap is
#     placed in the first 4GB address space. The Java Heap base address is the
#     maximum limit for the native heap growth. Please use -XX:HeapBaseMinAddress
#     to set the Java Heap base and to place the Java Heap above 4GB virtual address.
# This output file may be truncated or incomplete.
#
#  Out of Memory Error (./src/hotspot/share/memory/arena.cpp:197), pid=7516, tid=11420
#
# JRE version: OpenJDK Runtime Environment (11.0.12+7) (build 11.0.12+7-b1504.28-7817840)
# Java VM: OpenJDK 64-Bit Server VM (11.0.12+7-b1504.28-7817840, mixed mode, tiered, compressed oops, g1 gc, windows-amd64)
# No core dump will be written. Minidumps are not enabled by default on client versions of Windows
#

---------------  S U M M A R Y ------------

Command Line: --add-opens=java.base/java.util=ALL-UNNAMED --add-opens=java.base/java.lang=ALL-UNNAMED --add-opens=java.base/java.lang.invoke=ALL-UNNAMED --add-opens=java.prefs/java.util.prefs=ALL-UNNAMED -Xmx2048m -Dfile.encoding=UTF-8 -Duser.country=IN -Duser.language=en -Duser.variant org.gradle.launcher.daemon.bootstrap.GradleDaemon 6.5

Host: AMD Ryzen 3 3300U with Radeon Vega Mobile Gfx  , 4 cores, 3G,  Windows 10 , 64 bit Build 22621 (10.0.22621.963)
Time: Fri Jan 13 13:26:20 2023 India Standard Time elapsed time: 9.038201 seconds (0d 0h 0m 9s)

---------------  T H R E A D  ---------------

Current thread (0x000001e89a09c000):  JavaThread "C2 CompilerThread0" daemon [_thread_in_native, id=11420, stack(0x000000a3d9500000,0x000000a3d9600000)]


Current CompileTask:
C2:   9038 2153       4       java.net.URLClassLoader$1::run (5 bytes)

Stack: [0x000000a3d9500000,0x000000a3d9600000]
Native frames: (J=compiled Java code, j=interpreted, Vv=VM code, C=native code)
V  [jvm.dll+0x5fbcea]
V  [jvm.dll+0x731905]
V  [jvm.dll+0x732f1d]
V  [jvm.dll+0x7335d3]
V  [jvm.dll+0x247bf8]
V  [jvm.dll+0xc018c]
V  [jvm.dll+0xc06cc]
V  [jvm.dll+0x35b2db]
V  [jvm.dll+0x328803]
V  [jvm.dll+0x327cfa]
V  [jvm.dll+0x200602]
V  [jvm.dll+0x1ff794]
V  [jvm.dll+0x18868c]
V  [jvm.dll+0x20e0d7]
V  [jvm.dll+0x20c901]
V  [jvm.dll+0x6f9b7f]
V  [jvm.dll+0x6f26a5]
V  [jvm.dll+0x5fabf6]
C  [ucrtbase.dll+0x29363]
C  [KERNEL32.DLL+0x126bd]
C  [ntdll.dll+0x5dfb8]


---------------  P R O C E S S  ---------------

Threads class SMR info:
_java_thread_list=0x000001e89cc59930, length=24, elements={
0x000001e8ffc37800, 0x000001e89a038000, 0x000001e89a041000, 0x000001e89a096800,
0x000001e89a097800, 0x000001e89a09b000, 0x000001e89a09c000, 0x000001e89a09f800,
0x000001e89aa16800, 0x000001e89aafa000, 0x000001e89b6bb800, 0x000001e89c1d9800,
0x000001e89c1d6800, 0x000001e89baa4000, 0x000001e89c12c800, 0x000001e89ac4d800,
0x000001e89c12f800, 0x000001e89c133000, 0x000001e89b5e8000, 0x000001e89acad800,
0x000001e89acae000, 0x000001e89acaf000, 0x000001e89acb0000, 0x000001e89acac800
}

Java Threads: ( => current thread )
  0x000001e8ffc37800 JavaThread "main" [_thread_blocked, id=15900, stack(0x000000a3d8900000,0x000000a3d8a00000)]
  0x000001e89a038000 JavaThread "Reference Handler" daemon [_thread_blocked, id=5400, stack(0x000000a3d9000000,0x000000a3d9100000)]
  0x000001e89a041000 JavaThread "Finalizer" daemon [_thread_blocked, id=9264, stack(0x000000a3d9100000,0x000000a3d9200000)]
  0x000001e89a096800 JavaThread "Signal Dispatcher" daemon [_thread_blocked, id=8452, stack(0x000000a3d9200000,0x000000a3d9300000)]
  0x000001e89a097800 JavaThread "Attach Listener" daemon [_thread_blocked, id=15604, stack(0x000000a3d9300000,0x000000a3d9400000)]
  0x000001e89a09b000 JavaThread "Service Thread" daemon [_thread_blocked, id=13204, stack(0x000000a3d9400000,0x000000a3d9500000)]
=>0x000001e89a09c000 JavaThread "C2 CompilerThread0" daemon [_thread_in_native, id=11420, stack(0x000000a3d9500000,0x000000a3d9600000)]
  0x000001e89a09f800 JavaThread "C1 CompilerThread0" daemon [_thread_blocked, id=11980, stack(0x000000a3d9600000,0x000000a3d9700000)]
  0x000001e89aa16800 JavaThread "Sweeper thread" daemon [_thread_blocked, id=10196, stack(0x000000a3d9700000,0x000000a3d9800000)]
  0x000001e89aafa000 JavaThread "Common-Cleaner" daemon [_thread_blocked, id=1664, stack(0x000000a3d9800000,0x000000a3d9900000)]
  0x000001e89b6bb800 JavaThread "Daemon health stats" [_thread_blocked, id=6916, stack(0x000000a3d9b00000,0x000000a3d9c00000)]
  0x000001e89c1d9800 JavaThread "Incoming local TCP Connector on port 57706" [_thread_in_native, id=9788, stack(0x000000a3d9e00000,0x000000a3d9f00000)]
  0x000001e89c1d6800 JavaThread "Daemon periodic checks" [_thread_blocked, id=13944, stack(0x000000a3d9f00000,0x000000a3da000000)]
  0x000001e89baa4000 JavaThread "Daemon" [_thread_blocked, id=16220, stack(0x000000a3da000000,0x000000a3da100000)]
  0x000001e89c12c800 JavaThread "Handler for socket connection from /127.0.0.1:57706 to /127.0.0.1:57707" [_thread_in_native, id=9044, stack(0x000000a3da100000,0x000000a3da200000)]
  0x000001e89ac4d800 JavaThread "Cancel handler" [_thread_blocked, id=5144, stack(0x000000a3da200000,0x000000a3da300000)]
  0x000001e89c12f800 JavaThread "Daemon worker" [_thread_in_vm, id=1924, stack(0x000000a3da300000,0x000000a3da400000)]
  0x000001e89c133000 JavaThread "Asynchronous log dispatcher for DefaultDaemonConnection: socket connection from /127.0.0.1:57706 to /127.0.0.1:57707" [_thread_blocked, id=10584, stack(0x000000a3da400000,0x000000a3da500000)]
  0x000001e89b5e8000 JavaThread "Stdin handler" [_thread_blocked, id=16124, stack(0x000000a3da500000,0x000000a3da600000)]
  0x000001e89acad800 JavaThread "Thread-8" [_thread_blocked, id=2200, stack(0x000000a3da600000,0x000000a3da700000)]
  0x000001e89acae000 JavaThread "Cache worker for journal cache (C:\Users\hp\.gradle\caches\journal-1)" [_thread_blocked, id=14700, stack(0x000000a3da900000,0x000000a3daa00000)]
  0x000001e89acaf000 JavaThread "File lock request listener" [_thread_in_native, id=16036, stack(0x000000a3daa00000,0x000000a3dab00000)]
  0x000001e89acb0000 JavaThread "Cache worker for file hash cache (C:\Users\hp\.gradle\caches\6.5\fileHashes)" [_thread_blocked, id=100, stack(0x000000a3dab00000,0x000000a3dac00000)]
  0x000001e89acac800 JavaThread "Cache worker for file hash cache (C:\Users\hp\AndroidStudioProjects\Android-20230103T104800Z-001\Android\TrashTracker\.gradle\6.5\fileHashes)" [_thread_blocked, id=12840, stack(0x000000a3dac00000,0x000000a3dad00000)]

Other Threads:
  0x000001e89a034800 VMThread "VM Thread" [stack: 0x000000a3d8f00000,0x000000a3d9000000] [id=15612]
  0x000001e89ab0b800 WatcherThread [stack: 0x000000a3d9900000,0x000000a3d9a00000] [id=3724]
  0x000001e8ffc51000 GCTaskThread "GC Thread#0" [stack: 0x000000a3d8a00000,0x000000a3d8b00000] [id=6992]
  0x000001e89ad90000 GCTaskThread "GC Thread#1" [stack: 0x000000a3d9a00000,0x000000a3d9b00000] [id=12888]
  0x000001e89acc7800 GCTaskThread "GC Thread#2" [stack: 0x000000a3da700000,0x000000a3da800000] [id=11136]
  0x000001e89ac7f000 GCTaskThread "GC Thread#3" [stack: 0x000000a3da800000,0x000000a3da900000] [id=7544]
  0x000001e8ffc85000 ConcurrentGCThread "G1 Main Marker" [stack: 0x000000a3d8b00000,0x000000a3d8c00000] [id=7456]
  0x000001e8ffc87000 ConcurrentGCThread "G1 Conc#0" [stack: 0x000000a3d8c00000,0x000000a3d8d00000] [id=5944]
  0x000001e8ffcd0800 ConcurrentGCThread "G1 Refine#0" [stack: 0x000000a3d8d00000,0x000000a3d8e00000] [id=15796]
  0x000001e8ffcd3800 ConcurrentGCThread "G1 Young RemSet Sampling" [stack: 0x000000a3d8e00000,0x000000a3d8f00000] [id=3560]

Threads with active compile tasks:
C2 CompilerThread0   9076 2153       4       java.net.URLClassLoader$1::run (5 bytes)

VM state:not at safepoint (normal execution)

VM Mutex/Monitor currently owned by a thread: None

Heap address: 0x0000000080000000, size: 2048 MB, Compressed Oops mode: 32-bit
Narrow klass base: 0x0000000000000000, Narrow klass shift: 3
Compressed class space size: 1073741824 Address: 0x0000000100000000

Heap:
 garbage-first heap   total 57344K, used 18130K [0x0000000080000000, 0x0000000100000000)
  region size 1024K, 4 young (4096K), 3 survivors (3072K)
 Metaspace       used 25728K, capacity 26270K, committed 26544K, reserved 1073152K
  class space    used 3263K, capacity 3457K, committed 3584K, reserved 1048576K
Heap Regions: E=young(eden), S=young(survivor), O=old, HS=humongous(starts), HC=humongous(continues), CS=collection set, F=free, A=archive, TAMS=top-at-mark-start (previous, next)
|   0|0x0000000080000000, 0x0000000080100000, 0x0000000080100000|100%| O|  |TAMS 0x0000000080100000, 0x0000000080000000| Untracked 
|   1|0x0000000080100000, 0x0000000080200000, 0x0000000080200000|100%| O|  |TAMS 0x0000000080200000, 0x0000000080100000| Untracked 
|   2|0x0000000080200000, 0x0000000080300000, 0x0000000080300000|100%| O|  |TAMS 0x0000000080300000, 0x0000000080200000| Untracked 
|   3|0x0000000080300000, 0x0000000080400000, 0x0000000080400000|100%|HS|  |TAMS 0x0000000080400000, 0x0000000080300000| Complete 
|   4|0x0000000080400000, 0x0000000080500000, 0x0000000080500000|100%|HC|  |TAMS 0x0000000080500000, 0x0000000080400000| Complete 
|   5|0x0000000080500000, 0x0000000080600000, 0x0000000080600000|100%|HC|  |TAMS 0x0000000080600000, 0x0000000080500000| Complete 
|   6|0x0000000080600000, 0x0000000080700000, 0x0000000080700000|100%| O|  |TAMS 0x0000000080700000, 0x0000000080600000| Untracked 
|   7|0x0000000080700000, 0x0000000080800000, 0x0000000080800000|100%| O|  |TAMS 0x0000000080800000, 0x0000000080700000| Untracked 
|   8|0x0000000080800000, 0x0000000080900000, 0x0000000080900000|100%| O|  |TAMS 0x0000000080900000, 0x0000000080800000| Untracked 
|   9|0x0000000080900000, 0x0000000080a00000, 0x0000000080a00000|100%| O|  |TAMS 0x0000000080a00000, 0x0000000080900000| Untracked 
|  10|0x0000000080a00000, 0x0000000080b00000, 0x0000000080b00000|100%| O|  |TAMS 0x0000000080b00000, 0x0000000080a00000| Untracked 
|  11|0x0000000080b00000, 0x0000000080c00000, 0x0000000080c00000|100%| O|  |TAMS 0x0000000080c00000, 0x0000000080b00000| Untracked 
|  12|0x0000000080c00000, 0x0000000080d00000, 0x0000000080d00000|100%| O|  |TAMS 0x0000000080d00000, 0x0000000080c00000| Untracked 
|  13|0x0000000080d00000, 0x0000000080e00000, 0x0000000080e00000|100%| O|  |TAMS 0x0000000080e00000, 0x0000000080d00000| Untracked 
|  14|0x0000000080e00000, 0x0000000080e00000, 0x0000000080f00000|  0%| F|  |TAMS 0x0000000080e00000, 0x0000000080e00000| Untracked 
|  15|0x0000000080f00000, 0x0000000081000000, 0x0000000081000000|100%| O|  |TAMS 0x0000000081000000, 0x0000000080f00000| Untracked 
|  16|0x0000000081000000, 0x000000008106f400, 0x0000000081100000| 43%| O|  |TAMS 0x000000008106f400, 0x0000000081000000| Untracked 
|  17|0x0000000081100000, 0x0000000081100000, 0x0000000081200000|  0%| F|  |TAMS 0x0000000081100000, 0x0000000081100000| Untracked 
|  18|0x0000000081200000, 0x0000000081200000, 0x0000000081300000|  0%| F|  |TAMS 0x0000000081200000, 0x0000000081200000| Untracked 
|  19|0x0000000081300000, 0x0000000081300000, 0x0000000081400000|  0%| F|  |TAMS 0x0000000081300000, 0x0000000081300000| Untracked 
|  20|0x0000000081400000, 0x0000000081400000, 0x0000000081500000|  0%| F|  |TAMS 0x0000000081400000, 0x0000000081400000| Untracked 
|  21|0x0000000081500000, 0x0000000081500000, 0x0000000081600000|  0%| F|  |TAMS 0x0000000081500000, 0x0000000081500000| Untracked 
|  22|0x0000000081600000, 0x0000000081600000, 0x0000000081700000|  0%| F|  |TAMS 0x0000000081600000, 0x0000000081600000| Untracked 
|  23|0x0000000081700000, 0x0000000081700000, 0x0000000081800000|  0%| F|  |TAMS 0x0000000081700000, 0x0000000081700000| Untracked 
|  24|0x0000000081800000, 0x0000000081800000, 0x0000000081900000|  0%| F|  |TAMS 0x0000000081800000, 0x0000000081800000| Untracked 
|  25|0x0000000081900000, 0x0000000081900000, 0x0000000081a00000|  0%| F|  |TAMS 0x0000000081900000, 0x0000000081900000| Untracked 
|  26|0x0000000081a00000, 0x0000000081a00000, 0x0000000081b00000|  0%| F|  |TAMS 0x0000000081a00000, 0x0000000081a00000| Untracked 
|  27|0x0000000081b00000, 0x0000000081b00000, 0x0000000081c00000|  0%| F|  |TAMS 0x0000000081b00000, 0x0000000081b00000| Untracked 
|  28|0x0000000081c00000, 0x0000000081c00000, 0x0000000081d00000|  0%| F|  |TAMS 0x0000000081c00000, 0x0000000081c00000| Untracked 
|  29|0x0000000081d00000, 0x0000000081d00000, 0x0000000081e00000|  0%| F|  |TAMS 0x0000000081d00000, 0x0000000081d00000| Untracked 
|  30|0x0000000081e00000, 0x0000000081e00000, 0x0000000081f00000|  0%| F|  |TAMS 0x0000000081e00000, 0x0000000081e00000| Untracked 
|  31|0x0000000081f00000, 0x0000000081f45780, 0x0000000082000000| 27%| S|CS|TAMS 0x0000000081f00000, 0x0000000081f00000| Complete 
|  32|0x0000000082000000, 0x0000000082100000, 0x0000000082100000|100%| S|CS|TAMS 0x0000000082000000, 0x0000000082000000| Complete 
|  33|0x0000000082100000, 0x0000000082100000, 0x0000000082200000|  0%| F|  |TAMS 0x0000000082100000, 0x0000000082100000| Untracked 
|  34|0x0000000082200000, 0x0000000082200000, 0x0000000082300000|  0%| F|  |TAMS 0x0000000082200000, 0x0000000082200000| Untracked 
|  35|0x0000000082300000, 0x0000000082400000, 0x0000000082400000|100%| S|CS|TAMS 0x0000000082300000, 0x0000000082300000| Complete 
|  36|0x0000000082400000, 0x0000000082400000, 0x0000000082500000|  0%| F|  |TAMS 0x0000000082400000, 0x0000000082400000| Untracked 
|  37|0x0000000082500000, 0x0000000082500000, 0x0000000082600000|  0%| F|  |TAMS 0x0000000082500000, 0x0000000082500000| Untracked 
|  38|0x0000000082600000, 0x0000000082600000, 0x0000000082700000|  0%| F|  |TAMS 0x0000000082600000, 0x0000000082600000| Untracked 
|  39|0x0000000082700000, 0x0000000082700000, 0x0000000082800000|  0%| F|  |TAMS 0x0000000082700000, 0x0000000082700000| Untracked 
|  40|0x0000000082800000, 0x0000000082800000, 0x0000000082900000|  0%| F|  |TAMS 0x0000000082800000, 0x0000000082800000| Untracked 
|  41|0x0000000082900000, 0x0000000082900000, 0x0000000082a00000|  0%| F|  |TAMS 0x0000000082900000, 0x0000000082900000| Untracked 
|  42|0x0000000082a00000, 0x0000000082a00000, 0x0000000082b00000|  0%| F|  |TAMS 0x0000000082a00000, 0x0000000082a00000| Untracked 
|  43|0x0000000082b00000, 0x0000000082b00000, 0x0000000082c00000|  0%| F|  |TAMS 0x0000000082b00000, 0x0000000082b00000| Untracked 
|  44|0x0000000082c00000, 0x0000000082c00000, 0x0000000082d00000|  0%| F|  |TAMS 0x0000000082c00000, 0x0000000082c00000| Untracked 
|  45|0x0000000082d00000, 0x0000000082d00000, 0x0000000082e00000|  0%| F|  |TAMS 0x0000000082d00000, 0x0000000082d00000| Untracked 
|  46|0x0000000082e00000, 0x0000000082e00000, 0x0000000082f00000|  0%| F|  |TAMS 0x0000000082e00000, 0x0000000082e00000| Untracked 
|  47|0x0000000082f00000, 0x0000000082f00000, 0x0000000083000000|  0%| F|  |TAMS 0x0000000082f00000, 0x0000000082f00000| Untracked 
|  48|0x0000000083000000, 0x0000000083000000, 0x0000000083100000|  0%| F|  |TAMS 0x0000000083000000, 0x0000000083000000| Untracked 
|  49|0x0000000083100000, 0x0000000083100000, 0x0000000083200000|  0%| F|  |TAMS 0x0000000083100000, 0x0000000083100000| Untracked 
|  50|0x0000000083200000, 0x0000000083200000, 0x0000000083300000|  0%| F|  |TAMS 0x0000000083200000, 0x0000000083200000| Untracked 
|  51|0x0000000083300000, 0x0000000083300000, 0x0000000083400000|  0%| F|  |TAMS 0x0000000083300000, 0x0000000083300000| Untracked 
|  52|0x0000000083400000, 0x0000000083400000, 0x0000000083500000|  0%| F|  |TAMS 0x0000000083400000, 0x0000000083400000| Untracked 
|  53|0x0000000083500000, 0x0000000083500000, 0x0000000083600000|  0%| F|  |TAMS 0x0000000083500000, 0x0000000083500000| Untracked 
|  54|0x0000000083600000, 0x0000000083600000, 0x0000000083700000|  0%| F|  |TAMS 0x0000000083600000, 0x0000000083600000| Untracked 
|  55|0x0000000083700000, 0x000000008375a460, 0x0000000083800000| 35%| E|  |TAMS 0x0000000083700000, 0x0000000083700000| Complete 

Card table byte_map: [0x000001e893270000,0x000001e893670000] _byte_map_base: 0x000001e892e70000

Marking Bits (Prev, Next): (CMBitMap*) 0x000001e8ffc7c010, (CMBitMap*) 0x000001e8ffc7bfd8
 Prev Bits: [0x000001e895a70000, 0x000001e897a70000)
 Next Bits: [0x000001e893a70000, 0x000001e895a70000)

Polling page: 0x000001e8ffd10000

Metaspace:

Usage:
  Non-class:     22.28 MB capacity,    21.94 MB ( 98%) used,   303.70 KB (  1%) free+waste,    44.88 KB ( <1%) overhead. 
      Class:      3.38 MB capacity,     3.19 MB ( 94%) used,   171.09 KB (  5%) free+waste,    22.13 KB ( <1%) overhead. 
       Both:     25.65 MB capacity,    25.13 MB ( 98%) used,   474.79 KB (  2%) free+waste,    67.00 KB ( <1%) overhead. 

Virtual space:
  Non-class space:       24.00 MB reserved,      22.42 MB ( 93%) committed 
      Class space:        1.00 GB reserved,       3.50 MB ( <1%) committed 
             Both:        1.02 GB reserved,      25.92 MB (  2%) committed 

Chunk freelists:
   Non-Class:  19.00 KB
       Class:  31.00 KB
        Both:  50.00 KB

MaxMetaspaceSize: 17179869184.00 GB
CompressedClassSpaceSize: 1.00 GB
Initial GC threshold: 20.80 MB
Current GC threshold: 35.08 MB
CDS: off

CodeHeap 'non-profiled nmethods': size=120064Kb used=981Kb max_used=981Kb free=119082Kb
 bounds [0x000001e88b4f0000, 0x000001e88b760000, 0x000001e892a30000]
CodeHeap 'profiled nmethods': size=120000Kb used=4636Kb max_used=4636Kb free=115363Kb
 bounds [0x000001e883fc0000, 0x000001e884450000, 0x000001e88b4f0000]
CodeHeap 'non-nmethods': size=5696Kb used=1218Kb max_used=1242Kb free=4477Kb
 bounds [0x000001e883a30000, 0x000001e883ca0000, 0x000001e883fc0000]
 total_blobs=2638 nmethods=2155 adapters=395
 compilation: enabled
              stopped_count=0, restarted_count=0
 full_count=0

Compilation events (20 events):
Event: 8.680 Thread 0x000001e89a09c000 nmethod 2149 0x000001e88b5e4110 code [0x000001e88b5e42c0, 0x000001e88b5e4a08]
Event: 8.681 Thread 0x000001e89a09c000 2150       4       java.lang.Throwable::<init> (39 bytes)
Event: 8.689 Thread 0x000001e89a09c000 nmethod 2150 0x000001e88b5e4b90 code [0x000001e88b5e4d40, 0x000001e88b5e5528]
Event: 8.721 Thread 0x000001e89a09f800 2151       3       java.lang.invoke.DirectMethodHandle$Holder::invokeStatic (20 bytes)
Event: 8.722 Thread 0x000001e89a09f800 nmethod 2151 0x000001e88443bb90 code [0x000001e88443bd60, 0x000001e88443c238]
Event: 8.722 Thread 0x000001e89a09f800 2152       3       java.lang.StringConcatHelper::prepend (16 bytes)
Event: 8.722 Thread 0x000001e89a09f800 nmethod 2152 0x000001e88443c390 code [0x000001e88443c560, 0x000001e88443c788]
Event: 8.749 Thread 0x000001e89a09c000 2153       4       java.net.URLClassLoader$1::run (5 bytes)
Event: 8.752 Thread 0x000001e89a09f800 2155       3       java.lang.invoke.DirectMethodHandle::preparedLambdaForm (248 bytes)
Event: 8.753 Thread 0x000001e89a09f800 nmethod 2155 0x000001e88443c910 code [0x000001e88443cbe0, 0x000001e88443d678]
Event: 8.753 Thread 0x000001e89a09f800 2156   !   3       java.lang.invoke.MethodHandle::setVarargs (24 bytes)
Event: 8.754 Thread 0x000001e89a09f800 nmethod 2156 0x000001e88443db10 code [0x000001e88443dd20, 0x000001e88443e3b8]
Event: 8.754 Thread 0x000001e89a09f800 2157       3       java.lang.invoke.MemberName::isVarargs (23 bytes)
Event: 8.754 Thread 0x000001e89a09f800 nmethod 2157 0x000001e88443e610 code [0x000001e88443e800, 0x000001e88443ec98]
Event: 8.776 Thread 0x000001e89a09f800 2158       3       java.util.concurrent.ConcurrentHashMap$EntryIterator::next (5 bytes)
Event: 8.776 Thread 0x000001e89a09f800 nmethod 2158 0x000001e88443ee10 code [0x000001e88443efc0, 0x000001e88443f0e8]
Event: 8.776 Thread 0x000001e89a09f800 2159       3       java.util.concurrent.ConcurrentHashMap$EntryIterator::next (51 bytes)
Event: 8.776 Thread 0x000001e89a09f800 nmethod 2159 0x000001e88443f190 code [0x000001e88443f380, 0x000001e88443f878]
Event: 8.847 Thread 0x000001e89a09f800 2160       3       sun.reflect.generics.parser.SignatureParser::parseTypeSignature (130 bytes)
Event: 8.848 Thread 0x000001e89a09f800 nmethod 2160 0x000001e88443fa10 code [0x000001e88443fc00, 0x000001e884440068]

GC Heap History (14 events):
Event: 1.253 GC heap before
{Heap before GC invocations=0 (full 0):
 garbage-first heap   total 57344K, used 20480K [0x0000000080000000, 0x0000000100000000)
  region size 1024K, 14 young (14336K), 0 survivors (0K)
 Metaspace       used 7578K, capacity 7733K, committed 7936K, reserved 1056768K
  class space    used 706K, capacity 749K, committed 768K, reserved 1048576K
}
Event: 1.276 GC heap after
{Heap after GC invocations=1 (full 0):
 garbage-first heap   total 57344K, used 8187K [0x0000000080000000, 0x0000000100000000)
  region size 1024K, 2 young (2048K), 2 survivors (2048K)
 Metaspace       used 7578K, capacity 7733K, committed 7936K, reserved 1056768K
  class space    used 706K, capacity 749K, committed 768K, reserved 1048576K
}
Event: 2.070 GC heap before
{Heap before GC invocations=1 (full 0):
 garbage-first heap   total 57344K, used 19451K [0x0000000080000000, 0x0000000100000000)
  region size 1024K, 13 young (13312K), 2 survivors (2048K)
 Metaspace       used 10878K, capacity 11138K, committed 11264K, reserved 1058816K
  class space    used 1146K, capacity 1203K, committed 1280K, reserved 1048576K
}
Event: 2.075 GC heap after
{Heap after GC invocations=2 (full 0):
 garbage-first heap   total 57344K, used 9064K [0x0000000080000000, 0x0000000100000000)
  region size 1024K, 1 young (1024K), 1 survivors (1024K)
 Metaspace       used 10878K, capacity 11138K, committed 11264K, reserved 1058816K
  class space    used 1146K, capacity 1203K, committed 1280K, reserved 1048576K
}
Event: 2.644 GC heap before
{Heap before GC invocations=2 (full 0):
 garbage-first heap   total 57344K, used 27496K [0x0000000080000000, 0x0000000100000000)
  region size 1024K, 20 young (20480K), 1 survivors (1024K)
 Metaspace       used 10965K, capacity 11202K, committed 11520K, reserved 1058816K
  class space    used 1146K, capacity 1203K, committed 1280K, reserved 1048576K
}
Event: 2.649 GC heap after
{Heap after GC invocations=3 (full 0):
 garbage-first heap   total 57344K, used 10570K [0x0000000080000000, 0x0000000100000000)
  region size 1024K, 3 young (3072K), 3 survivors (3072K)
 Metaspace       used 10965K, capacity 11202K, committed 11520K, reserved 1058816K
  class space    used 1146K, capacity 1203K, committed 1280K, reserved 1048576K
}
Event: 3.541 GC heap before
{Heap before GC invocations=3 (full 0):
 garbage-first heap   total 57344K, used 30026K [0x0000000080000000, 0x0000000100000000)
  region size 1024K, 23 young (23552K), 3 survivors (3072K)
 Metaspace       used 12517K, capacity 12777K, committed 13056K, reserved 1060864K
  class space    used 1373K, capacity 1472K, committed 1536K, reserved 1048576K
}
Event: 3.551 GC heap after
{Heap after GC invocations=4 (full 0):
 garbage-first heap   total 57344K, used 13988K [0x0000000080000000, 0x0000000100000000)
  region size 1024K, 3 young (3072K), 3 survivors (3072K)
 Metaspace       used 12517K, capacity 12777K, committed 13056K, reserved 1060864K
  class space    used 1373K, capacity 1472K, committed 1536K, reserved 1048576K
}
Event: 6.439 GC heap before
{Heap before GC invocations=4 (full 0):
 garbage-first heap   total 57344K, used 34468K [0x0000000080000000, 0x0000000100000000)
  region size 1024K, 23 young (23552K), 3 survivors (3072K)
 Metaspace       used 17764K, capacity 18215K, committed 18432K, reserved 1064960K
  class space    used 2131K, capacity 2297K, committed 2304K, reserved 1048576K
}
Event: 6.494 GC heap after
{Heap after GC invocations=5 (full 0):
 garbage-first heap   total 57344K, used 15801K [0x0000000080000000, 0x0000000100000000)
  region size 1024K, 2 young (2048K), 2 survivors (2048K)
 Metaspace       used 17764K, capacity 18215K, committed 18432K, reserved 1064960K
  class space    used 2131K, capacity 2297K, committed 2304K, reserved 1048576K
}
Event: 7.480 GC heap before
{Heap before GC invocations=5 (full 0):
 garbage-first heap   total 57344K, used 30137K [0x0000000080000000, 0x0000000100000000)
  region size 1024K, 17 young (17408K), 2 survivors (2048K)
 Metaspace       used 20670K, capacity 21112K, committed 21296K, reserved 1069056K
  class space    used 2430K, capacity 2607K, committed 2688K, reserved 1048576K
}
Event: 7.485 GC heap after
{Heap after GC invocations=6 (full 0):
 garbage-first heap   total 57344K, used 16392K [0x0000000080000000, 0x0000000100000000)
  region size 1024K, 1 young (1024K), 1 survivors (1024K)
 Metaspace       used 20670K, capacity 21112K, committed 21296K, reserved 1069056K
  class space    used 2430K, capacity 2607K, committed 2688K, reserved 1048576K
}
Event: 8.118 GC heap before
{Heap before GC invocations=7 (full 0):
 garbage-first heap   total 57344K, used 36872K [0x0000000080000000, 0x0000000100000000)
  region size 1024K, 21 young (21504K), 1 survivors (1024K)
 Metaspace       used 22741K, capacity 23265K, committed 23472K, reserved 1069056K
  class space    used 2819K, capacity 3007K, committed 3072K, reserved 1048576K
}
Event: 8.121 GC heap after
{Heap after GC invocations=8 (full 0):
 garbage-first heap   total 57344K, used 17184K [0x0000000080000000, 0x0000000100000000)
  region size 1024K, 2 young (2048K), 2 survivors (2048K)
 Metaspace       used 22741K, capacity 23265K, committed 23472K, reserved 1069056K
  class space    used 2819K, capacity 3007K, committed 3072K, reserved 1048576K
}

Deoptimization events (20 events):
Event: 7.880 Thread 0x000001e89c12f800 DEOPT PACKING pc=0x000001e88b5b1154 sp=0x000000a3da3fa5b0
Event: 7.880 Thread 0x000001e89c12f800 DEOPT UNPACKING pc=0x000001e883a7a1af sp=0x000000a3da3fa4e0 mode 2
Event: 7.885 Thread 0x000001e89c12f800 Uncommon trap: trap_request=0xffffff4d fr.pc=0x000001e88b536f90 relative=0x0000000000000150
Event: 7.885 Thread 0x000001e89c12f800 Uncommon trap: reason=unstable_if action=reinterpret pc=0x000001e88b536f90 method=java.util.HashMap.getNode(ILjava/lang/Object;)Ljava/util/HashMap$Node; @ 129 c2
Event: 7.885 Thread 0x000001e89c12f800 DEOPT PACKING pc=0x000001e88b536f90 sp=0x000000a3da3fc1d0
Event: 7.885 Thread 0x000001e89c12f800 DEOPT UNPACKING pc=0x000001e883a7a1af sp=0x000000a3da3fc140 mode 2
Event: 7.885 Thread 0x000001e89c12f800 Uncommon trap: trap_request=0xffffffc6 fr.pc=0x000001e88b5b1154 relative=0x0000000000000d94
Event: 7.885 Thread 0x000001e89c12f800 Uncommon trap: reason=bimorphic_or_optimized_type_check action=maybe_recompile pc=0x000001e88b5b1154 method=java.util.HashMap.putVal(ILjava/lang/Object;Ljava/lang/Object;ZZ)Ljava/lang/Object; @ 203 c2
Event: 7.885 Thread 0x000001e89c12f800 DEOPT PACKING pc=0x000001e88b5b1154 sp=0x000000a3da3fc1e0
Event: 7.885 Thread 0x000001e89c12f800 DEOPT UNPACKING pc=0x000001e883a7a1af sp=0x000000a3da3fc110 mode 2
Event: 8.090 Thread 0x000001e89c12f800 DEOPT PACKING pc=0x000001e8842aab48 sp=0x000000a3da3fb070
Event: 8.090 Thread 0x000001e89c12f800 DEOPT UNPACKING pc=0x000001e883a7a95e sp=0x000000a3da3fa5d8 mode 0
Event: 8.237 Thread 0x000001e89c12f800 Uncommon trap: trap_request=0xffffff4d fr.pc=0x000001e88b541afc relative=0x000000000000023c
Event: 8.237 Thread 0x000001e89c12f800 Uncommon trap: reason=unstable_if action=reinterpret pc=0x000001e88b541afc method=java.util.concurrent.ConcurrentHashMap.get(Ljava/lang/Object;)Ljava/lang/Object; @ 76 c2
Event: 8.237 Thread 0x000001e89c12f800 DEOPT PACKING pc=0x000001e88b541afc sp=0x000000a3da3f91a0
Event: 8.237 Thread 0x000001e89c12f800 DEOPT UNPACKING pc=0x000001e883a7a1af sp=0x000000a3da3f9108 mode 2
Event: 8.368 Thread 0x000001e89c12f800 Uncommon trap: trap_request=0xffffff4d fr.pc=0x000001e88b5c68ac relative=0x000000000000016c
Event: 8.368 Thread 0x000001e89c12f800 Uncommon trap: reason=unstable_if action=reinterpret pc=0x000001e88b5c68ac method=java.util.HashMap.getNode(ILjava/lang/Object;)Ljava/util/HashMap$Node; @ 129 c2
Event: 8.368 Thread 0x000001e89c12f800 DEOPT PACKING pc=0x000001e88b5c68ac sp=0x000000a3da3fd4e0
Event: 8.369 Thread 0x000001e89c12f800 DEOPT UNPACKING pc=0x000001e883a7a1af sp=0x000000a3da3fd3f0 mode 2

Classes redefined (0 events):
No events

Internal exceptions (20 events):
Event: 5.975 Thread 0x000001e89c12c800 Exception <a 'java/lang/NoSuchMethodError'{0x0000000082df97f8}: <clinit>> (0x0000000082df97f8) thrown at [./src/hotspot/share/prims/jni.cpp, line 1365]
Event: 5.999 Thread 0x000001e89c12c800 Exception <a 'java/lang/NoSuchMethodError'{0x0000000082c2c558}: <clinit>> (0x0000000082c2c558) thrown at [./src/hotspot/share/prims/jni.cpp, line 1365]
Event: 6.003 Thread 0x000001e89c12c800 Exception <a 'java/lang/NoSuchMethodError'{0x0000000082c37ac8}: <clinit>> (0x0000000082c37ac8) thrown at [./src/hotspot/share/prims/jni.cpp, line 1365]
Event: 6.170 Thread 0x000001e89c12f800 Exception <a 'java/lang/NoSuchMethodError'{0x0000000082a80ca0}: 'void java.lang.invoke.DelegatingMethodHandle$Holder.reinvoke_L(java.lang.Object, java.lang.Object, java.lang.Object, java.lang.Object)'> (0x0000000082a80ca0) thrown at [./src/hotspot/share/interpreter/linkResolver.cpp, line 773]
Event: 6.187 Thread 0x000001e89c12f800 Exception <a 'java/lang/NoSuchMethodError'{0x0000000082ab9de8}: 'long java.lang.invoke.DirectMethodHandle$Holder.invokeInterface(java.lang.Object, java.lang.Object)'> (0x0000000082ab9de8) thrown at [./src/hotspot/share/interpreter/linkResolver.cpp, line 773]
Event: 6.197 Thread 0x000001e89c12f800 Exception <a 'java/lang/NoSuchMethodError'{0x0000000082ad9690}: 'void java.lang.invoke.DelegatingMethodHandle$Holder.reinvoke_L(java.lang.Object, java.lang.Object, java.lang.Object, java.lang.Object, java.lang.Object, java.lang.Object, java.lang.Object)'> (0x0000000082ad9690) thrown at [./src/hotspot/share/interpreter/linkResolver.cpp, line 773]
Event: 6.531 Thread 0x000001e89c12f800 Exception <a 'java/lang/NoSuchMethodError'{0x00000000836864f8}: 'java.lang.Object java.lang.invoke.DirectMethodHandle$Holder.invokeVirtual(java.lang.Object, java.lang.Object, java.lang.Object)'> (0x00000000836864f8) thrown at [./src/hotspot/share/interpreter/linkResolver.cpp, line 773]
Event: 7.192 Thread 0x000001e89c12f800 Exception <a 'java/lang/NoSuchMethodError'{0x00000000830e7630}: 'void java.lang.invoke.DirectMethodHandle$Holder.invokeStaticInit(java.lang.Object)'> (0x00000000830e7630) thrown at [./src/hotspot/share/interpreter/linkResolver.cpp, line 773]
Event: 7.512 Thread 0x000001e89c12f800 Exception <a 'java/lang/NoSuchMethodError'{0x000000008379daf0}: 'int java.lang.invoke.DirectMethodHandle$Holder.invokeSpecialIFC(java.lang.Object, java.lang.Object, java.lang.Object, java.lang.Object)'> (0x000000008379daf0) thrown at [./src/hotspot/share/interpreter/linkResolver.cpp, line 773]
Event: 7.518 Thread 0x000001e89c12f800 Exception <a 'java/lang/NoSuchMethodError'{0x00000000837ab608}: 'java.lang.Object java.lang.invoke.DirectMethodHandle$Holder.invokeInterface(java.lang.Object, java.lang.Object, java.lang.Object)'> (0x00000000837ab608) thrown at [./src/hotspot/share/interpreter/linkResolver.cpp, line 773]
Event: 7.518 Thread 0x000001e89c12f800 Exception <a 'java/lang/IncompatibleClassChangeError'{0x00000000837ae838}: Found class java.lang.Object, but interface was expected> (0x00000000837ae838) thrown at [./src/hotspot/share/interpreter/linkResolver.cpp, line 839]
Event: 7.536 Thread 0x000001e89c12f800 Exception <a 'java/lang/NoSuchMethodError'{0x000000008362f810}: 'void java.lang.invoke.DirectMethodHandle$Holder.invokeSpecial(java.lang.Object, java.lang.Object, java.lang.Object, java.lang.Object)'> (0x000000008362f810) thrown at [./src/hotspot/share/interpreter/linkResolver.cpp, line 773]
Event: 7.817 Thread 0x000001e89c12f800 Exception <a 'java/lang/NoSuchMethodError'{0x0000000082c41938}: 'java.lang.Object java.lang.invoke.DirectMethodHandle$Holder.invokeVirtual(java.lang.Object, java.lang.Object, java.lang.Object, java.lang.Object)'> (0x0000000082c41938) thrown at [./src/hotspot/share/interpreter/linkResolver.cpp, line 773]
Event: 8.296 Thread 0x000001e89c12f800 Exception <a 'java/lang/NoSuchMethodError'{0x00000000834db260}: 'void java.lang.invoke.DirectMethodHandle$Holder.invokeSpecial(java.lang.Object, java.lang.Object, java.lang.Object, java.lang.Object, java.lang.Object, java.lang.Object)'> (0x00000000834db260) thrown at [./src/hotspot/share/interpreter/linkResolver.cpp, line 773]
Event: 8.352 Thread 0x000001e89c12f800 Exception <a 'java/lang/NoSuchMethodError'{0x0000000083274508}: 'java.lang.Object java.lang.invoke.Invokers$Holder.invoker(java.lang.Object, java.lang.Object, java.lang.Object)'> (0x0000000083274508) thrown at [./src/hotspot/share/interpreter/linkResolver.cpp, line 773]
Event: 8.396 Thread 0x000001e89c12f800 Exception <a 'java/lang/NoSuchMethodError'{0x000000008316d3f8}: 'void java.lang.invoke.DirectMethodHandle$Holder.invokeSpecial(java.lang.Object, java.lang.Object, java.lang.Object, java.lang.Object, java.lang.Object, java.lang.Object, java.lang.Object)'> (0x000000008316d3f8) thrown at [./src/hotspot/share/interpreter/linkResolver.cpp, line 773]
Event: 8.397 Thread 0x000001e89c12f800 Exception <a 'java/lang/NoSuchMethodError'{0x0000000083175640}: 'java.lang.Object java.lang.invoke.Invokers$Holder.linkToTargetMethod(java.lang.Object, java.lang.Object, java.lang.Object, java.lang.Object, java.lang.Object, java.lang.Object)'> (0x0000000083175640) thrown at [./src/hotspot/share/interpreter/linkResolver.cpp, line 773]
Event: 8.436 Thread 0x000001e89c12f800 Exception <a 'java/lang/NoSuchMethodError'{0x000000008309b0e8}: 'java.lang.Object java.lang.invoke.DirectMethodHandle$Holder.invokeVirtual(java.lang.Object, java.lang.Object, java.lang.Object, java.lang.Object, java.lang.Object, java.lang.Object, java.lang.Object, java.lang.Object, java.lang.Object, java.lang.Object, java.lang.Object, java.lang.Object, java.lang.Object, java.lang.Object, java.lang.Object, java.lang.Object, java.lang.Object)'> (0x000000008309b0e8) thrown at [./src/hotspot/share/interpreter/
Event: 8.577 Thread 0x000001e89c12f800 Exception <a 'java/lang/NoSuchMethodError'{0x0000000082b38f90}: 'int java.lang.invoke.DirectMethodHandle$Holder.invokeVirtual(java.lang.Object, java.lang.Object)'> (0x0000000082b38f90) thrown at [./src/hotspot/share/interpreter/linkResolver.cpp, line 773]
Event: 8.664 Thread 0x000001e89c12f800 Exception <a 'java/lang/NoSuchMethodError'{0x00000000828cbea0}: 'java.lang.Object java.lang.invoke.Invokers$Holder.linkToTargetMethod(java.lang.Object, int, java.lang.Object)'> (0x00000000828cbea0) thrown at [./src/hotspot/share/interpreter/linkResolver.cpp, line 773]

Events (20 events):
Event: 8.950 loading class org/gradle/api/artifacts/dsl/ComponentMetadataHandler
Event: 8.950 loading class org/gradle/api/artifacts/dsl/ComponentMetadataHandler done
Event: 8.951 loading class org/gradle/api/artifacts/dsl/DependencyHandler
Event: 8.951 loading class org/gradle/api/artifacts/dsl/DependencyHandler done
Event: 8.957 loading class org/gradle/api/artifacts/dsl/DependencyLockingHandler
Event: 8.957 loading class org/gradle/api/artifacts/dsl/DependencyLockingHandler done
Event: 8.958 loading class org/gradle/api/artifacts/dsl/ArtifactHandler
Event: 8.958 loading class org/gradle/api/artifacts/dsl/ArtifactHandler done
Event: 8.959 loading class org/gradle/api/internal/artifacts/ComponentMetadataProcessorFactory
Event: 8.959 loading class org/gradle/api/internal/artifacts/ComponentMetadataProcessorFactory done
Event: 8.961 loading class org/gradle/api/internal/artifacts/dsl/DefaultComponentMetadataHandler
Event: 8.961 loading class org/gradle/api/internal/artifacts/dsl/DefaultComponentMetadataHandler done
Event: 8.963 loading class org/gradle/api/internal/artifacts/dsl/ComponentMetadataHandlerInternal
Event: 8.963 loading class org/gradle/api/internal/artifacts/dsl/ComponentMetadataHandlerInternal done
Event: 8.969 loading class org/gradle/api/internal/artifacts/DefaultDependencyManagementServices$DefaultDependencyResolutionServices
Event: 8.969 loading class org/gradle/api/internal/artifacts/DefaultDependencyManagementServices$DefaultDependencyResolutionServices done
Event: 8.970 loading class org/gradle/api/internal/initialization/DefaultScriptHandler
Event: 8.970 loading class org/gradle/api/internal/initialization/DefaultScriptHandler done
Event: 9.019 loading class org/gradle/internal/resource/UriTextResource$UriResourceLocation
Event: 9.019 loading class org/gradle/internal/resource/UriTextResource$UriResourceLocation done


Dynamic libraries:
0x00007ff6128a0000 - 0x00007ff6128aa000 	C:\Program Files\Android\Android Studio\jre\bin\java.exe
0x00007ff899af0000 - 0x00007ff899d04000 	C:\WINDOWS\SYSTEM32\ntdll.dll
0x00007ff8981f0000 - 0x00007ff8982b3000 	C:\WINDOWS\System32\KERNEL32.DLL
0x00007ff8973a0000 - 0x00007ff89773d000 	C:\WINDOWS\System32\KERNELBASE.dll
0x00007ff897740000 - 0x00007ff897851000 	C:\WINDOWS\System32\ucrtbase.dll
0x00007ff860410000 - 0x00007ff860429000 	C:\Program Files\Android\Android Studio\jre\bin\jli.dll
0x00007ff8978e0000 - 0x00007ff897a8d000 	C:\WINDOWS\System32\USER32.dll
0x00007ff8971b0000 - 0x00007ff8971d6000 	C:\WINDOWS\System32\win32u.dll
0x00007ff897f50000 - 0x00007ff897f79000 	C:\WINDOWS\System32\GDI32.dll
0x00007ff897280000 - 0x00007ff897392000 	C:\WINDOWS\System32\gdi32full.dll
0x00007ff8971e0000 - 0x00007ff89727a000 	C:\WINDOWS\System32\msvcp_win.dll
0x00007ff8603f0000 - 0x00007ff860407000 	C:\Program Files\Android\Android Studio\jre\bin\VCRUNTIME140.dll
0x00007ff880f70000 - 0x00007ff8811fe000 	C:\WINDOWS\WinSxS\amd64_microsoft.windows.common-controls_6595b64144ccf1df_6.0.22621.608_none_a9444ca7c10bb01d\COMCTL32.dll
0x00007ff897a90000 - 0x00007ff897b37000 	C:\WINDOWS\System32\msvcrt.dll
0x00007ff897b40000 - 0x00007ff897b72000 	C:\WINDOWS\System32\IMM32.DLL
0x00007ff860350000 - 0x00007ff8603ed000 	C:\Program Files\Android\Android Studio\jre\bin\msvcp140.dll
0x00007ff820020000 - 0x00007ff820b05000 	C:\Program Files\Android\Android Studio\jre\bin\server\jvm.dll
0x00007ff899280000 - 0x00007ff89932e000 	C:\WINDOWS\System32\ADVAPI32.dll
0x00007ff897c90000 - 0x00007ff897d34000 	C:\WINDOWS\System32\sechost.dll
0x00007ff899720000 - 0x00007ff899835000 	C:\WINDOWS\System32\RPCRT4.dll
0x00007ff898a60000 - 0x00007ff898a68000 	C:\WINDOWS\System32\PSAPI.DLL
0x00007ff8718c0000 - 0x00007ff8718c9000 	C:\WINDOWS\SYSTEM32\WSOCK32.dll
0x00007ff898560000 - 0x00007ff8985d1000 	C:\WINDOWS\System32\WS2_32.dll
0x00007ff88e180000 - 0x00007ff88e18a000 	C:\WINDOWS\SYSTEM32\VERSION.dll
0x00007ff88e900000 - 0x00007ff88e934000 	C:\WINDOWS\SYSTEM32\WINMM.dll
0x00007ff895f20000 - 0x00007ff895f38000 	C:\WINDOWS\SYSTEM32\kernel.appcore.dll
0x00007ff86b280000 - 0x00007ff86b291000 	C:\Program Files\Android\Android Studio\jre\bin\verify.dll
0x00007ff882a70000 - 0x00007ff882c9e000 	C:\WINDOWS\SYSTEM32\DBGHELP.DLL
0x00007ff899330000 - 0x00007ff8996ba000 	C:\WINDOWS\System32\combase.dll
0x00007ff897fe0000 - 0x00007ff8980b7000 	C:\WINDOWS\System32\OLEAUT32.dll
0x00007ff87a160000 - 0x00007ff87a192000 	C:\WINDOWS\SYSTEM32\dbgcore.DLL
0x00007ff897860000 - 0x00007ff8978db000 	C:\WINDOWS\System32\bcryptPrimitives.dll
0x00007ff85f8b0000 - 0x00007ff85f8d9000 	C:\Program Files\Android\Android Studio\jre\bin\java.dll
0x00007ff87eca0000 - 0x00007ff87ecab000 	C:\Program Files\Android\Android Studio\jre\bin\jimage.dll
0x00007ff860260000 - 0x00007ff860278000 	C:\Program Files\Android\Android Studio\jre\bin\zip.dll
0x00007ff898a90000 - 0x00007ff89927f000 	C:\WINDOWS\System32\SHELL32.dll
0x00007ff894f40000 - 0x00007ff895808000 	C:\WINDOWS\SYSTEM32\windows.storage.dll
0x00007ff894e00000 - 0x00007ff894f3e000 	C:\WINDOWS\SYSTEM32\wintypes.dll
0x00007ff8999b0000 - 0x00007ff899aa1000 	C:\WINDOWS\System32\SHCORE.dll
0x00007ff8996c0000 - 0x00007ff89971e000 	C:\WINDOWS\System32\shlwapi.dll
0x00007ff896e40000 - 0x00007ff896e61000 	C:\WINDOWS\SYSTEM32\profapi.dll
0x00007ff85e060000 - 0x00007ff85e07a000 	C:\Program Files\Android\Android Studio\jre\bin\net.dll
0x00007ff88e410000 - 0x00007ff88e53f000 	C:\WINDOWS\SYSTEM32\WINHTTP.dll
0x00007ff8963d0000 - 0x00007ff896439000 	C:\WINDOWS\system32\mswsock.dll
0x00007ff859ef0000 - 0x00007ff859f04000 	C:\Program Files\Android\Android Studio\jre\bin\nio.dll
0x00007ff84c580000 - 0x00007ff84c5a7000 	C:\Users\hp\.gradle\native\f6784746aeab05261644944871eae4fe03e0ef1612fff0a4a95f87b438bc6780\windows-amd64\native-platform.dll
0x00007ff87e9c0000 - 0x00007ff87e9ca000 	C:\Program Files\Android\Android Studio\jre\bin\management.dll
0x00007ff878f60000 - 0x00007ff878f6d000 	C:\Program Files\Android\Android Studio\jre\bin\management_ext.dll
0x00007ff896630000 - 0x00007ff89664b000 	C:\WINDOWS\SYSTEM32\CRYPTSP.dll
0x00007ff895ee0000 - 0x00007ff895f15000 	C:\WINDOWS\system32\rsaenh.dll
0x00007ff8964c0000 - 0x00007ff8964e8000 	C:\WINDOWS\SYSTEM32\USERENV.dll
0x00007ff8967c0000 - 0x00007ff8967e8000 	C:\WINDOWS\SYSTEM32\bcrypt.dll
0x00007ff896620000 - 0x00007ff89662c000 	C:\WINDOWS\SYSTEM32\CRYPTBASE.dll
0x00007ff895aa0000 - 0x00007ff895acd000 	C:\WINDOWS\SYSTEM32\IPHLPAPI.DLL
0x00007ff897f40000 - 0x00007ff897f49000 	C:\WINDOWS\System32\NSI.dll
0x00007ff88e160000 - 0x00007ff88e179000 	C:\WINDOWS\SYSTEM32\dhcpcsvc6.DLL
0x00007ff88e0a0000 - 0x00007ff88e0bf000 	C:\WINDOWS\SYSTEM32\dhcpcsvc.DLL
0x00007ff895b20000 - 0x00007ff895c12000 	C:\WINDOWS\SYSTEM32\DNSAPI.dll
0x00007ff894500000 - 0x00007ff89450d000 	C:\WINDOWS\SYSTEM32\WINNSI.DLL

dbghelp: loaded successfully - version: 4.0.5 - missing functions: none
symbol engine: initialized successfully - sym options: 0x614 - pdb path: .;C:\Program Files\Android\Android Studio\jre\bin;C:\WINDOWS\SYSTEM32;C:\WINDOWS\WinSxS\amd64_microsoft.windows.common-controls_6595b64144ccf1df_6.0.22621.608_none_a9444ca7c10bb01d;C:\Program Files\Android\Android Studio\jre\bin\server;C:\Users\hp\.gradle\native\f6784746aeab05261644944871eae4fe03e0ef1612fff0a4a95f87b438bc6780\windows-amd64

VM Arguments:
jvm_args: --add-opens=java.base/java.util=ALL-UNNAMED --add-opens=java.base/java.lang=ALL-UNNAMED --add-opens=java.base/java.lang.invoke=ALL-UNNAMED --add-opens=java.prefs/java.util.prefs=ALL-UNNAMED -Xmx2048m -Dfile.encoding=UTF-8 -Duser.country=IN -Duser.language=en -Duser.variant 
java_command: org.gradle.launcher.daemon.bootstrap.GradleDaemon 6.5
java_class_path (initial): C:\Users\hp\.gradle\wrapper\dists\gradle-6.5-all\2oz4ud9k3tuxjg84bbf55q0tn\gradle-6.5\lib\gradle-launcher-6.5.jar
Launcher Type: SUN_STANDARD

[Global flags]
     intx CICompilerCount                          = 3                                         {product} {ergonomic}
     uint ConcGCThreads                            = 1                                         {product} {ergonomic}
     uint G1ConcRefinementThreads                  = 4                                         {product} {ergonomic}
   size_t G1HeapRegionSize                         = 1048576                                   {product} {ergonomic}
    uintx GCDrainStackTargetSize                   = 64                                        {product} {ergonomic}
   size_t InitialHeapSize                          = 58720256                                  {product} {ergonomic}
   size_t MarkStackSize                            = 4194304                                   {product} {ergonomic}
   size_t MaxHeapSize                              = 2147483648                                {product} {command line}
   size_t MaxNewSize                               = 1287651328                                {product} {ergonomic}
   size_t MinHeapDeltaBytes                        = 1048576                                   {product} {ergonomic}
    uintx NonNMethodCodeHeapSize                   = 5830732                                {pd product} {ergonomic}
    uintx NonProfiledCodeHeapSize                  = 122913754                              {pd product} {ergonomic}
    uintx ProfiledCodeHeapSize                     = 122913754                              {pd product} {ergonomic}
    uintx ReservedCodeCacheSize                    = 251658240                              {pd product} {ergonomic}
     bool SegmentedCodeCache                       = true                                      {product} {ergonomic}
     bool UseCompressedClassPointers               = true                                 {lp64_product} {ergonomic}
     bool UseCompressedOops                        = true                                 {lp64_product} {ergonomic}
     bool UseG1GC                                  = true                                      {product} {ergonomic}
     bool UseLargePagesIndividualAllocation        = false                                  {pd product} {ergonomic}

Logging:
Log output configuration:
 #0: stdout all=warning uptime,level,tags
 #1: stderr all=off uptime,level,tags

Environment Variables:
JAVA_HOME=C:\Program Files\Java\jdk-17.0.1
PATH=C:\Program Files\Python311\Scripts\;C:\Program Files\Python311\;C:\Program Files\Common Files\Oracle\Java\javapath;C:\WINDOWS\system32;C:\WINDOWS;C:\WINDOWS\System32\Wbem;C:\WINDOWS\System32\WindowsPowerShell\v1.0\;C:\WINDOWS\System32\OpenSSH\;C:\Program Files\Java\jdk-17.0.1\bin;C:\Program Files\dotnet\;%SystemRoot%\system32;%SystemRoot%;%SystemRoot%\System32\Wbem;%SYSTEMROOT%\System32\WindowsPowerShell\v1.0\;%SYSTEMROOT%\System32\OpenSSH\;C:\Users\hp\AppData\Local\Microsoft\WindowsApps;;C:\Users\hp\AppData\Local\Programs\Microsoft VS Code\bin;C:\Users\hp\.dotnet\tools
USERNAME=hp
OS=Windows_NT
PROCESSOR_IDENTIFIER=AMD64 Family 23 Model 24 Stepping 1, AuthenticAMD



---------------  S Y S T E M  ---------------

OS: Windows 10 , 64 bit Build 22621 (10.0.22621.963)
OS uptime: 0 days 16:37 hours

CPU:total 4 (initial active 4) (4 cores per cpu, 1 threads per core) family 23 model 24 stepping 1 microcode 0x0, cmov, cx8, fxsr, mmx, sse, sse2, sse3, ssse3, sse4.1, sse4.2, popcnt, avx, avx2, aes, clmul, mmxext, 3dnowpref, lzcnt, sse4a, tsc, tscinvbit, tscinv, bmi1, bmi2, adx, sha, fma

Memory: 4k page, system-wide physical 3526M (151M free)
TotalPageFile size 14278M (AvailPageFile size 3M)
current process WorkingSet (physical memory assigned to process): 142M, peak: 142M
current process commit charge ("private bytes"): 189M, peak: 191M

vm_info: OpenJDK 64-Bit Server VM (11.0.12+7-b1504.28-7817840) for windows-amd64 JRE (11.0.12+7-b1504.28-7817840), built on Oct 13 2021 22:12:33 by "builder" with MS VC++ 14.0 (VS2015)

END.
