#
# There is insufficient memory for the Java Runtime Environment to continue.
# Native memory allocation (malloc) failed to allocate 696176 bytes for Chunk::new
# Possible reasons:
#   The system is out of physical RAM or swap space
#   The process is running with CompressedOops enabled, and the Java Heap may be blocking the growth of the native heap
# Possible solutions:
#   Reduce memory load on the system
#   Increase physical memory or swap space
#   Check if swap backing store is full
#   Decrease Java heap size (-Xmx/-Xms)
#   Decrease number of Java threads
#   Decrease Java thread stack sizes (-Xss)
#   Set larger code cache with -XX:ReservedCodeCacheSize=
#   JVM is running with Unscaled Compressed Oops mode in which the Java heap is
#     placed in the first 4GB address space. The Java Heap base address is the
#     maximum limit for the native heap growth. Please use -XX:HeapBaseMinAddress
#     to set the Java Heap base and to place the Java Heap above 4GB virtual address.
# This output file may be truncated or incomplete.
#
#  Out of Memory Error (./src/hotspot/share/memory/arena.cpp:197), pid=15084, tid=16128
#
# JRE version: OpenJDK Runtime Environment (11.0.12+7) (build 11.0.12+7-b1504.28-7817840)
# Java VM: OpenJDK 64-Bit Server VM (11.0.12+7-b1504.28-7817840, mixed mode, tiered, compressed oops, g1 gc, windows-amd64)
# No core dump will be written. Minidumps are not enabled by default on client versions of Windows
#

---------------  S U M M A R Y ------------

Command Line: --add-opens=java.base/java.util=ALL-UNNAMED --add-opens=java.base/java.lang=ALL-UNNAMED --add-opens=java.base/java.lang.invoke=ALL-UNNAMED --add-opens=java.prefs/java.util.prefs=ALL-UNNAMED -Xmx2048m -Dfile.encoding=UTF-8 -Duser.country=IN -Duser.language=en -Duser.variant org.gradle.launcher.daemon.bootstrap.GradleDaemon 6.5

Host: AMD Ryzen 3 3300U with Radeon Vega Mobile Gfx  , 4 cores, 3G,  Windows 10 , 64 bit Build 22621 (10.0.22621.963)
Time: Fri Jan 13 13:25:49 2023 India Standard Time elapsed time: 14.777562 seconds (0d 0h 0m 14s)

---------------  T H R E A D  ---------------

Current thread (0x0000016c7ec7a000):  JavaThread "C2 CompilerThread0" daemon [_thread_in_native, id=16128, stack(0x00000048c2300000,0x00000048c2400000)]


Current CompileTask:
C2:  14777 2184   !   4       java.net.URLClassLoader$1::run (63 bytes)

Stack: [0x00000048c2300000,0x00000048c2400000]
Native frames: (J=compiled Java code, j=interpreted, Vv=VM code, C=native code)
V  [jvm.dll+0x5fbcea]
V  [jvm.dll+0x731905]
V  [jvm.dll+0x732f1d]
V  [jvm.dll+0x7335d3]
V  [jvm.dll+0x247bf8]
V  [jvm.dll+0xc018c]
V  [jvm.dll+0xc06cc]
V  [jvm.dll+0x2bcc04]
V  [jvm.dll+0x5113a8]
V  [jvm.dll+0x201b42]
V  [jvm.dll+0x1ff71f]
V  [jvm.dll+0x18868c]
V  [jvm.dll+0x20e0d7]
V  [jvm.dll+0x20c901]
V  [jvm.dll+0x6f9b7f]
V  [jvm.dll+0x6f26a5]
V  [jvm.dll+0x5fabf6]
C  [ucrtbase.dll+0x29363]
C  [KERNEL32.DLL+0x126bd]
C  [ntdll.dll+0x5dfb8]


---------------  P R O C E S S  ---------------

Threads class SMR info:
_java_thread_list=0x0000016c064e8a20, length=24, elements={
0x0000016c69069800, 0x0000016c7ec17000, 0x0000016c7ec20800, 0x0000016c7ec74800,
0x0000016c7ec76000, 0x0000016c7ec79000, 0x0000016c7ec7a000, 0x0000016c7f5e1000,
0x0000016c7f5e4800, 0x0000016c7f6da800, 0x0000016c05343800, 0x0000016c7f983000,
0x0000016c7f678000, 0x0000016c7f85b000, 0x0000016c7f848800, 0x0000016c04717800,
0x0000016c0471b800, 0x0000016c7f87e800, 0x0000016c040f7000, 0x0000016c7f869800,
0x0000016c7f868000, 0x0000016c7f868800, 0x0000016c7f86a800, 0x0000016c7f86d000
}

Java Threads: ( => current thread )
  0x0000016c69069800 JavaThread "main" [_thread_blocked, id=12720, stack(0x00000048c1700000,0x00000048c1800000)]
  0x0000016c7ec17000 JavaThread "Reference Handler" daemon [_thread_blocked, id=9024, stack(0x00000048c1e00000,0x00000048c1f00000)]
  0x0000016c7ec20800 JavaThread "Finalizer" daemon [_thread_blocked, id=9448, stack(0x00000048c1f00000,0x00000048c2000000)]
  0x0000016c7ec74800 JavaThread "Signal Dispatcher" daemon [_thread_blocked, id=3604, stack(0x00000048c2000000,0x00000048c2100000)]
  0x0000016c7ec76000 JavaThread "Attach Listener" daemon [_thread_blocked, id=8852, stack(0x00000048c2100000,0x00000048c2200000)]
  0x0000016c7ec79000 JavaThread "Service Thread" daemon [_thread_blocked, id=14948, stack(0x00000048c2200000,0x00000048c2300000)]
=>0x0000016c7ec7a000 JavaThread "C2 CompilerThread0" daemon [_thread_in_native, id=16128, stack(0x00000048c2300000,0x00000048c2400000)]
  0x0000016c7f5e1000 JavaThread "C1 CompilerThread0" daemon [_thread_blocked, id=15436, stack(0x00000048c2400000,0x00000048c2500000)]
  0x0000016c7f5e4800 JavaThread "Sweeper thread" daemon [_thread_blocked, id=8416, stack(0x00000048c2500000,0x00000048c2600000)]
  0x0000016c7f6da800 JavaThread "Common-Cleaner" daemon [_thread_blocked, id=4740, stack(0x00000048c2600000,0x00000048c2700000)]
  0x0000016c05343800 JavaThread "Daemon health stats" [_thread_blocked, id=2472, stack(0x00000048c2900000,0x00000048c2a00000)]
  0x0000016c7f983000 JavaThread "Incoming local TCP Connector on port 57661" [_thread_in_native, id=14488, stack(0x00000048c2e00000,0x00000048c2f00000)]
  0x0000016c7f678000 JavaThread "Daemon periodic checks" [_thread_blocked, id=12408, stack(0x00000048c2f00000,0x00000048c3000000)]
  0x0000016c7f85b000 JavaThread "Daemon" [_thread_blocked, id=12020, stack(0x00000048c3000000,0x00000048c3100000)]
  0x0000016c7f848800 JavaThread "Handler for socket connection from /127.0.0.1:57661 to /127.0.0.1:57662" [_thread_in_native, id=11544, stack(0x00000048c3100000,0x00000048c3200000)]
  0x0000016c04717800 JavaThread "Cancel handler" [_thread_blocked, id=7136, stack(0x00000048c3200000,0x00000048c3300000)]
  0x0000016c0471b800 JavaThread "Daemon worker" [_thread_in_vm, id=2492, stack(0x00000048c3300000,0x00000048c3400000)]
  0x0000016c7f87e800 JavaThread "Asynchronous log dispatcher for DefaultDaemonConnection: socket connection from /127.0.0.1:57661 to /127.0.0.1:57662" [_thread_blocked, id=3236, stack(0x00000048c3400000,0x00000048c3500000)]
  0x0000016c040f7000 JavaThread "Stdin handler" [_thread_blocked, id=15120, stack(0x00000048c3500000,0x00000048c3600000)]
  0x0000016c7f869800 JavaThread "Thread-8" [_thread_blocked, id=14672, stack(0x00000048c3600000,0x00000048c3700000)]
  0x0000016c7f868000 JavaThread "Cache worker for journal cache (C:\Users\hp\.gradle\caches\journal-1)" [_thread_blocked, id=14312, stack(0x00000048c3700000,0x00000048c3800000)]
  0x0000016c7f868800 JavaThread "File lock request listener" [_thread_in_native, id=1424, stack(0x00000048c3800000,0x00000048c3900000)]
  0x0000016c7f86a800 JavaThread "Cache worker for file hash cache (C:\Users\hp\.gradle\caches\6.5\fileHashes)" [_thread_blocked, id=15868, stack(0x00000048c3900000,0x00000048c3a00000)]
  0x0000016c7f86d000 JavaThread "Cache worker for file hash cache (C:\Users\hp\AndroidStudioProjects\Android-20230103T104800Z-001\Android\TrashTracker\.gradle\6.5\fileHashes)" [_thread_blocked, id=6196, stack(0x00000048c3a00000,0x00000048c3b00000)]

Other Threads:
  0x0000016c7ec13000 VMThread "VM Thread" [stack: 0x00000048c1d00000,0x00000048c1e00000] [id=15464]
  0x0000016c7f6e9000 WatcherThread [stack: 0x00000048c2700000,0x00000048c2800000] [id=15752]
  0x0000016c69082000 GCTaskThread "GC Thread#0" [stack: 0x00000048c1800000,0x00000048c1900000] [id=6900]
  0x0000016c7f905000 GCTaskThread "GC Thread#1" [stack: 0x00000048c2800000,0x00000048c2900000] [id=5936]
  0x0000016c046f3000 GCTaskThread "GC Thread#2" [stack: 0x00000048c2a00000,0x00000048c2b00000] [id=5836]
  0x0000016c041e1000 GCTaskThread "GC Thread#3" [stack: 0x00000048c2b00000,0x00000048c2c00000] [id=7324]
  0x0000016c690b3000 ConcurrentGCThread "G1 Main Marker" [stack: 0x00000048c1900000,0x00000048c1a00000] [id=3652]
  0x0000016c690b5800 ConcurrentGCThread "G1 Conc#0" [stack: 0x00000048c1a00000,0x00000048c1b00000] [id=5012]
  0x0000016c690fb800 ConcurrentGCThread "G1 Refine#0" [stack: 0x00000048c1b00000,0x00000048c1c00000] [id=14512]
  0x0000016c690fc800 ConcurrentGCThread "G1 Young RemSet Sampling" [stack: 0x00000048c1c00000,0x00000048c1d00000] [id=11212]

Threads with active compile tasks:
C2 CompilerThread0  14839 2184   !   4       java.net.URLClassLoader$1::run (63 bytes)

VM state:not at safepoint (normal execution)

VM Mutex/Monitor currently owned by a thread: None

Heap address: 0x0000000080000000, size: 2048 MB, Compressed Oops mode: 32-bit
Narrow klass base: 0x0000000000000000, Narrow klass shift: 3
Compressed class space size: 1073741824 Address: 0x0000000100000000

Heap:
 garbage-first heap   total 57344K, used 36537K [0x0000000080000000, 0x0000000100000000)
  region size 1024K, 22 young (22528K), 2 survivors (2048K)
 Metaspace       used 25772K, capacity 26274K, committed 26544K, reserved 1073152K
  class space    used 3270K, capacity 3457K, committed 3584K, reserved 1048576K
Heap Regions: E=young(eden), S=young(survivor), O=old, HS=humongous(starts), HC=humongous(continues), CS=collection set, F=free, A=archive, TAMS=top-at-mark-start (previous, next)
|   0|0x0000000080000000, 0x0000000080100000, 0x0000000080100000|100%| O|  |TAMS 0x0000000080100000, 0x0000000080000000| Untracked 
|   1|0x0000000080100000, 0x0000000080200000, 0x0000000080200000|100%| O|  |TAMS 0x0000000080200000, 0x0000000080100000| Untracked 
|   2|0x0000000080200000, 0x0000000080300000, 0x0000000080300000|100%| O|  |TAMS 0x0000000080300000, 0x0000000080200000| Untracked 
|   3|0x0000000080300000, 0x0000000080400000, 0x0000000080400000|100%|HS|  |TAMS 0x0000000080400000, 0x0000000080300000| Complete 
|   4|0x0000000080400000, 0x0000000080500000, 0x0000000080500000|100%|HC|  |TAMS 0x0000000080500000, 0x0000000080400000| Complete 
|   5|0x0000000080500000, 0x0000000080600000, 0x0000000080600000|100%|HC|  |TAMS 0x0000000080600000, 0x0000000080500000| Complete 
|   6|0x0000000080600000, 0x0000000080700000, 0x0000000080700000|100%| O|  |TAMS 0x0000000080700000, 0x0000000080600000| Untracked 
|   7|0x0000000080700000, 0x0000000080800000, 0x0000000080800000|100%| O|  |TAMS 0x0000000080800000, 0x0000000080700000| Untracked 
|   8|0x0000000080800000, 0x0000000080900000, 0x0000000080900000|100%| O|  |TAMS 0x0000000080900000, 0x0000000080800000| Untracked 
|   9|0x0000000080900000, 0x0000000080a00000, 0x0000000080a00000|100%| O|  |TAMS 0x0000000080a00000, 0x0000000080900000| Untracked 
|  10|0x0000000080a00000, 0x0000000080b00000, 0x0000000080b00000|100%| O|  |TAMS 0x0000000080b00000, 0x0000000080a00000| Untracked 
|  11|0x0000000080b00000, 0x0000000080c00000, 0x0000000080c00000|100%| O|  |TAMS 0x0000000080c00000, 0x0000000080b00000| Untracked 
|  12|0x0000000080c00000, 0x0000000080d00000, 0x0000000080d00000|100%| O|  |TAMS 0x0000000080d00000, 0x0000000080c00000| Untracked 
|  13|0x0000000080d00000, 0x0000000080e00000, 0x0000000080e00000|100%| O|  |TAMS 0x0000000080e00000, 0x0000000080d00000| Untracked 
|  14|0x0000000080e00000, 0x0000000080f00000, 0x0000000080f00000|100%| O|  |TAMS 0x0000000080e0ec00, 0x0000000080e00000| Untracked 
|  15|0x0000000080f00000, 0x0000000080f5fa00, 0x0000000081000000| 37%| O|  |TAMS 0x0000000080f00000, 0x0000000080f00000| Untracked 
|  16|0x0000000081000000, 0x0000000081000000, 0x0000000081100000|  0%| F|  |TAMS 0x0000000081000000, 0x0000000081000000| Untracked 
|  17|0x0000000081100000, 0x0000000081100000, 0x0000000081200000|  0%| F|  |TAMS 0x0000000081100000, 0x0000000081100000| Untracked 
|  18|0x0000000081200000, 0x0000000081200000, 0x0000000081300000|  0%| F|  |TAMS 0x0000000081200000, 0x0000000081200000| Untracked 
|  19|0x0000000081300000, 0x0000000081300000, 0x0000000081400000|  0%| F|  |TAMS 0x0000000081300000, 0x0000000081300000| Untracked 
|  20|0x0000000081400000, 0x0000000081400000, 0x0000000081500000|  0%| F|  |TAMS 0x0000000081400000, 0x0000000081400000| Untracked 
|  21|0x0000000081500000, 0x0000000081500000, 0x0000000081600000|  0%| F|  |TAMS 0x0000000081500000, 0x0000000081500000| Untracked 
|  22|0x0000000081600000, 0x0000000081600000, 0x0000000081700000|  0%| F|  |TAMS 0x0000000081600000, 0x0000000081600000| Untracked 
|  23|0x0000000081700000, 0x0000000081700000, 0x0000000081800000|  0%| F|  |TAMS 0x0000000081700000, 0x0000000081700000| Untracked 
|  24|0x0000000081800000, 0x0000000081800000, 0x0000000081900000|  0%| F|  |TAMS 0x0000000081800000, 0x0000000081800000| Untracked 
|  25|0x0000000081900000, 0x0000000081900000, 0x0000000081a00000|  0%| F|  |TAMS 0x0000000081900000, 0x0000000081900000| Untracked 
|  26|0x0000000081a00000, 0x0000000081a00000, 0x0000000081b00000|  0%| F|  |TAMS 0x0000000081a00000, 0x0000000081a00000| Untracked 
|  27|0x0000000081b00000, 0x0000000081b00000, 0x0000000081c00000|  0%| F|  |TAMS 0x0000000081b00000, 0x0000000081b00000| Untracked 
|  28|0x0000000081c00000, 0x0000000081c00000, 0x0000000081d00000|  0%| F|  |TAMS 0x0000000081c00000, 0x0000000081c00000| Untracked 
|  29|0x0000000081d00000, 0x0000000081d00000, 0x0000000081e00000|  0%| F|  |TAMS 0x0000000081d00000, 0x0000000081d00000| Untracked 
|  30|0x0000000081e00000, 0x0000000081e00000, 0x0000000081f00000|  0%| F|  |TAMS 0x0000000081e00000, 0x0000000081e00000| Untracked 
|  31|0x0000000081f00000, 0x0000000081f4ec00, 0x0000000082000000| 30%| S|CS|TAMS 0x0000000081f00000, 0x0000000081f00000| Complete 
|  32|0x0000000082000000, 0x0000000082100000, 0x0000000082100000|100%| S|CS|TAMS 0x0000000082000000, 0x0000000082000000| Complete 
|  33|0x0000000082100000, 0x0000000082100000, 0x0000000082200000|  0%| F|  |TAMS 0x0000000082100000, 0x0000000082100000| Untracked 
|  34|0x0000000082200000, 0x0000000082200000, 0x0000000082300000|  0%| F|  |TAMS 0x0000000082200000, 0x0000000082200000| Untracked 
|  35|0x0000000082300000, 0x0000000082356220, 0x0000000082400000| 33%| E|  |TAMS 0x0000000082300000, 0x0000000082300000| Complete 
|  36|0x0000000082400000, 0x0000000082500000, 0x0000000082500000|100%| E|CS|TAMS 0x0000000082400000, 0x0000000082400000| Complete 
|  37|0x0000000082500000, 0x0000000082600000, 0x0000000082600000|100%| E|CS|TAMS 0x0000000082500000, 0x0000000082500000| Complete 
|  38|0x0000000082600000, 0x0000000082700000, 0x0000000082700000|100%| E|CS|TAMS 0x0000000082600000, 0x0000000082600000| Complete 
|  39|0x0000000082700000, 0x0000000082800000, 0x0000000082800000|100%| E|CS|TAMS 0x0000000082700000, 0x0000000082700000| Complete 
|  40|0x0000000082800000, 0x0000000082900000, 0x0000000082900000|100%| E|CS|TAMS 0x0000000082800000, 0x0000000082800000| Complete 
|  41|0x0000000082900000, 0x0000000082a00000, 0x0000000082a00000|100%| E|CS|TAMS 0x0000000082900000, 0x0000000082900000| Complete 
|  42|0x0000000082a00000, 0x0000000082b00000, 0x0000000082b00000|100%| E|CS|TAMS 0x0000000082a00000, 0x0000000082a00000| Complete 
|  43|0x0000000082b00000, 0x0000000082c00000, 0x0000000082c00000|100%| E|CS|TAMS 0x0000000082b00000, 0x0000000082b00000| Complete 
|  44|0x0000000082c00000, 0x0000000082d00000, 0x0000000082d00000|100%| E|CS|TAMS 0x0000000082c00000, 0x0000000082c00000| Complete 
|  45|0x0000000082d00000, 0x0000000082e00000, 0x0000000082e00000|100%| E|CS|TAMS 0x0000000082d00000, 0x0000000082d00000| Complete 
|  46|0x0000000082e00000, 0x0000000082f00000, 0x0000000082f00000|100%| E|CS|TAMS 0x0000000082e00000, 0x0000000082e00000| Complete 
|  47|0x0000000082f00000, 0x0000000083000000, 0x0000000083000000|100%| E|CS|TAMS 0x0000000082f00000, 0x0000000082f00000| Complete 
|  48|0x0000000083000000, 0x0000000083100000, 0x0000000083100000|100%| E|CS|TAMS 0x0000000083000000, 0x0000000083000000| Complete 
|  49|0x0000000083100000, 0x0000000083200000, 0x0000000083200000|100%| E|CS|TAMS 0x0000000083100000, 0x0000000083100000| Complete 
|  50|0x0000000083200000, 0x0000000083300000, 0x0000000083300000|100%| E|CS|TAMS 0x0000000083200000, 0x0000000083200000| Complete 
|  51|0x0000000083300000, 0x0000000083400000, 0x0000000083400000|100%| E|CS|TAMS 0x0000000083300000, 0x0000000083300000| Complete 
|  52|0x0000000083400000, 0x0000000083500000, 0x0000000083500000|100%| E|CS|TAMS 0x0000000083400000, 0x0000000083400000| Complete 
|  53|0x0000000083500000, 0x0000000083600000, 0x0000000083600000|100%| E|CS|TAMS 0x0000000083500000, 0x0000000083500000| Complete 
|  54|0x0000000083600000, 0x0000000083700000, 0x0000000083700000|100%| E|CS|TAMS 0x0000000083600000, 0x0000000083600000| Complete 
|  55|0x0000000083700000, 0x0000000083800000, 0x0000000083800000|100%| E|CS|TAMS 0x0000000083700000, 0x0000000083700000| Complete 

Card table byte_map: [0x0000016c7bf70000,0x0000016c7c370000] _byte_map_base: 0x0000016c7bb70000

Marking Bits (Prev, Next): (CMBitMap*) 0x0000016c690aa640, (CMBitMap*) 0x0000016c690aa608
 Prev Bits: [0x0000016c00000000, 0x0000016c02000000)
 Next Bits: [0x0000016c7c770000, 0x0000016c7e770000)

Polling page: 0x0000016c68840000

Metaspace:

Usage:
  Non-class:     22.28 MB capacity,    21.98 MB ( 99%) used,   267.99 KB (  1%) free+waste,    44.94 KB ( <1%) overhead. 
      Class:      3.38 MB capacity,     3.19 MB ( 95%) used,   163.34 KB (  5%) free+waste,    22.13 KB ( <1%) overhead. 
       Both:     25.66 MB capacity,    25.17 MB ( 98%) used,   431.34 KB (  2%) free+waste,    67.06 KB ( <1%) overhead. 

Virtual space:
  Non-class space:       24.00 MB reserved,      22.42 MB ( 93%) committed 
      Class space:        1.00 GB reserved,       3.50 MB ( <1%) committed 
             Both:        1.02 GB reserved,      25.92 MB (  2%) committed 

Chunk freelists:
   Non-Class:  15.00 KB
       Class:  31.00 KB
        Both:  46.00 KB

MaxMetaspaceSize: 17179869184.00 GB
CompressedClassSpaceSize: 1.00 GB
Initial GC threshold: 20.80 MB
Current GC threshold: 35.08 MB
CDS: off

CodeHeap 'non-profiled nmethods': size=120064Kb used=991Kb max_used=991Kb free=119072Kb
 bounds [0x0000016c74630000, 0x0000016c748a0000, 0x0000016c7bb70000]
CodeHeap 'profiled nmethods': size=120000Kb used=4735Kb max_used=4735Kb free=115264Kb
 bounds [0x0000016c6d100000, 0x0000016c6d5a0000, 0x0000016c74630000]
CodeHeap 'non-nmethods': size=5696Kb used=1216Kb max_used=1241Kb free=4479Kb
 bounds [0x0000016c6cb70000, 0x0000016c6cde0000, 0x0000016c6d100000]
 total_blobs=2675 nmethods=2192 adapters=395
 compilation: enabled
              stopped_count=0, restarted_count=0
 full_count=0

Compilation events (20 events):
Event: 14.633 Thread 0x0000016c7f5e1000 nmethod 2180 0x0000016c6d590b90 code [0x0000016c6d590d80, 0x0000016c6d591238]
Event: 14.690 Thread 0x0000016c7f5e1000 2182       3       java.lang.invoke.DirectMethodHandle$Holder::invokeStatic (20 bytes)
Event: 14.691 Thread 0x0000016c7f5e1000 nmethod 2182 0x0000016c6d591390 code [0x0000016c6d591560, 0x0000016c6d591a38]
Event: 14.691 Thread 0x0000016c7f5e1000 2183       3       java.lang.StringConcatHelper::prepend (16 bytes)
Event: 14.691 Thread 0x0000016c7f5e1000 nmethod 2183 0x0000016c6d591b90 code [0x0000016c6d591d60, 0x0000016c6d591f88]
Event: 14.703 Thread 0x0000016c7ec7a000 2184   !   4       java.net.URLClassLoader$1::run (63 bytes)
Event: 14.707 Thread 0x0000016c7f5e1000 2186       3       java.lang.invoke.DirectMethodHandle::preparedLambdaForm (248 bytes)
Event: 14.709 Thread 0x0000016c7f5e1000 nmethod 2186 0x0000016c6d592110 code [0x0000016c6d5923e0, 0x0000016c6d592e78]
Event: 14.711 Thread 0x0000016c7f5e1000 2187   !   3       java.lang.invoke.MethodHandle::setVarargs (24 bytes)
Event: 14.711 Thread 0x0000016c7f5e1000 nmethod 2187 0x0000016c6d593310 code [0x0000016c6d593520, 0x0000016c6d593bb8]
Event: 14.746 Thread 0x0000016c7f5e1000 2188       3       java.util.concurrent.ConcurrentHashMap$EntryIterator::next (5 bytes)
Event: 14.747 Thread 0x0000016c7f5e1000 nmethod 2188 0x0000016c6d593e10 code [0x0000016c6d593fc0, 0x0000016c6d5940e8]
Event: 14.747 Thread 0x0000016c7f5e1000 2189       3       java.util.concurrent.ConcurrentHashMap$EntryIterator::next (51 bytes)
Event: 14.747 Thread 0x0000016c7f5e1000 nmethod 2189 0x0000016c6d594190 code [0x0000016c6d594380, 0x0000016c6d594878]
Event: 14.747 Thread 0x0000016c7f5e1000 2190       3       java.util.concurrent.ConcurrentHashMap$MapEntry::<init> (20 bytes)
Event: 14.747 Thread 0x0000016c7f5e1000 nmethod 2190 0x0000016c6d594a10 code [0x0000016c6d594bc0, 0x0000016c6d594e38]
Event: 14.767 Thread 0x0000016c7f5e1000 2191       3       sun.reflect.generics.parser.SignatureParser::parseTypeSignature (130 bytes)
Event: 14.768 Thread 0x0000016c7f5e1000 nmethod 2191 0x0000016c6d594f10 code [0x0000016c6d595100, 0x0000016c6d595568]
Event: 14.768 Thread 0x0000016c7f5e1000 2192       3       sun.reflect.generics.visitor.Reifier::visitClassTypeSignature (381 bytes)
Event: 14.771 Thread 0x0000016c7f5e1000 nmethod 2192 0x0000016c6d595690 code [0x0000016c6d595b80, 0x0000016c6d597f58]

GC Heap History (14 events):
Event: 5.796 GC heap before
{Heap before GC invocations=0 (full 0):
 garbage-first heap   total 57344K, used 19456K [0x0000000080000000, 0x0000000100000000)
  region size 1024K, 14 young (14336K), 0 survivors (0K)
 Metaspace       used 7594K, capacity 7737K, committed 7936K, reserved 1056768K
  class space    used 706K, capacity 749K, committed 768K, reserved 1048576K
}
Event: 5.812 GC heap after
{Heap after GC invocations=1 (full 0):
 garbage-first heap   total 57344K, used 8187K [0x0000000080000000, 0x0000000100000000)
  region size 1024K, 2 young (2048K), 2 survivors (2048K)
 Metaspace       used 7594K, capacity 7737K, committed 7936K, reserved 1056768K
  class space    used 706K, capacity 749K, committed 768K, reserved 1048576K
}
Event: 7.607 GC heap before
{Heap before GC invocations=1 (full 0):
 garbage-first heap   total 57344K, used 20475K [0x0000000080000000, 0x0000000100000000)
  region size 1024K, 14 young (14336K), 2 survivors (2048K)
 Metaspace       used 10909K, capacity 11142K, committed 11264K, reserved 1058816K
  class space    used 1145K, capacity 1203K, committed 1280K, reserved 1048576K
}
Event: 7.613 GC heap after
{Heap after GC invocations=2 (full 0):
 garbage-first heap   total 57344K, used 9050K [0x0000000080000000, 0x0000000100000000)
  region size 1024K, 1 young (1024K), 1 survivors (1024K)
 Metaspace       used 10909K, capacity 11142K, committed 11264K, reserved 1058816K
  class space    used 1145K, capacity 1203K, committed 1280K, reserved 1048576K
}
Event: 8.090 GC heap before
{Heap before GC invocations=2 (full 0):
 garbage-first heap   total 57344K, used 28506K [0x0000000080000000, 0x0000000100000000)
  region size 1024K, 21 young (21504K), 1 survivors (1024K)
 Metaspace       used 10981K, capacity 11206K, committed 11520K, reserved 1058816K
  class space    used 1145K, capacity 1203K, committed 1280K, reserved 1048576K
}
Event: 8.095 GC heap after
{Heap after GC invocations=3 (full 0):
 garbage-first heap   total 57344K, used 10570K [0x0000000080000000, 0x0000000100000000)
  region size 1024K, 3 young (3072K), 3 survivors (3072K)
 Metaspace       used 10981K, capacity 11206K, committed 11520K, reserved 1058816K
  class space    used 1145K, capacity 1203K, committed 1280K, reserved 1048576K
}
Event: 10.631 GC heap before
{Heap before GC invocations=3 (full 0):
 garbage-first heap   total 57344K, used 32074K [0x0000000080000000, 0x0000000100000000)
  region size 1024K, 25 young (25600K), 3 survivors (3072K)
 Metaspace       used 13942K, capacity 14339K, committed 14592K, reserved 1062912K
  class space    used 1579K, capacity 1719K, committed 1792K, reserved 1048576K
}
Event: 10.644 GC heap after
{Heap after GC invocations=4 (full 0):
 garbage-first heap   total 57344K, used 14355K [0x0000000080000000, 0x0000000100000000)
  region size 1024K, 4 young (4096K), 4 survivors (4096K)
 Metaspace       used 13942K, capacity 14339K, committed 14592K, reserved 1062912K
  class space    used 1579K, capacity 1719K, committed 1792K, reserved 1048576K
}
Event: 13.186 GC heap before
{Heap before GC invocations=4 (full 0):
 garbage-first heap   total 57344K, used 35859K [0x0000000080000000, 0x0000000100000000)
  region size 1024K, 25 young (25600K), 4 survivors (4096K)
 Metaspace       used 18377K, capacity 18739K, committed 18816K, reserved 1064960K
  class space    used 2213K, capacity 2364K, committed 2432K, reserved 1048576K
}
Event: 13.194 GC heap after
{Heap after GC invocations=5 (full 0):
 garbage-first heap   total 57344K, used 15867K [0x0000000080000000, 0x0000000100000000)
  region size 1024K, 2 young (2048K), 2 survivors (2048K)
 Metaspace       used 18377K, capacity 18739K, committed 18816K, reserved 1064960K
  class space    used 2213K, capacity 2364K, committed 2432K, reserved 1048576K
}
Event: 13.516 GC heap before
{Heap before GC invocations=5 (full 0):
 garbage-first heap   total 57344K, used 26107K [0x0000000080000000, 0x0000000100000000)
  region size 1024K, 13 young (13312K), 2 survivors (2048K)
 Metaspace       used 20681K, capacity 21082K, committed 21296K, reserved 1069056K
  class space    used 2427K, capacity 2573K, committed 2688K, reserved 1048576K
}
Event: 13.519 GC heap after
{Heap after GC invocations=6 (full 0):
 garbage-first heap   total 57344K, used 16175K [0x0000000080000000, 0x0000000100000000)
  region size 1024K, 2 young (2048K), 2 survivors (2048K)
 Metaspace       used 20681K, capacity 21082K, committed 21296K, reserved 1069056K
  class space    used 2427K, capacity 2573K, committed 2688K, reserved 1048576K
}
Event: 14.083 GC heap before
{Heap before GC invocations=7 (full 0):
 garbage-first heap   total 57344K, used 37679K [0x0000000080000000, 0x0000000100000000)
  region size 1024K, 23 young (23552K), 2 survivors (2048K)
 Metaspace       used 22853K, capacity 23333K, committed 23472K, reserved 1069056K
  class space    used 2832K, capacity 3007K, committed 3072K, reserved 1048576K
}
Event: 14.087 GC heap after
{Heap after GC invocations=8 (full 0):
 garbage-first heap   total 57344K, used 17081K [0x0000000080000000, 0x0000000100000000)
  region size 1024K, 2 young (2048K), 2 survivors (2048K)
 Metaspace       used 22853K, capacity 23333K, committed 23472K, reserved 1069056K
  class space    used 2832K, capacity 3007K, committed 3072K, reserved 1048576K
}

Deoptimization events (20 events):
Event: 13.904 Thread 0x0000016c0471b800 Uncommon trap: trap_request=0xffffffc6 fr.pc=0x0000016c746ef3c8 relative=0x0000000000000e28
Event: 13.904 Thread 0x0000016c0471b800 Uncommon trap: reason=bimorphic_or_optimized_type_check action=maybe_recompile pc=0x0000016c746ef3c8 method=java.util.HashMap.putVal(ILjava/lang/Object;Ljava/lang/Object;ZZ)Ljava/lang/Object; @ 203 c2
Event: 13.904 Thread 0x0000016c0471b800 DEOPT PACKING pc=0x0000016c746ef3c8 sp=0x00000048c33fa3c0
Event: 13.904 Thread 0x0000016c0471b800 DEOPT UNPACKING pc=0x0000016c6cbba1af sp=0x00000048c33fa360 mode 2
Event: 13.909 Thread 0x0000016c0471b800 Uncommon trap: trap_request=0xffffff4d fr.pc=0x0000016c7466a610 relative=0x0000000000000150
Event: 13.909 Thread 0x0000016c0471b800 Uncommon trap: reason=unstable_if action=reinterpret pc=0x0000016c7466a610 method=java.util.HashMap.getNode(ILjava/lang/Object;)Ljava/util/HashMap$Node; @ 129 c2
Event: 13.909 Thread 0x0000016c0471b800 DEOPT PACKING pc=0x0000016c7466a610 sp=0x00000048c33fc020
Event: 13.909 Thread 0x0000016c0471b800 DEOPT UNPACKING pc=0x0000016c6cbba1af sp=0x00000048c33fbf90 mode 2
Event: 13.909 Thread 0x0000016c0471b800 Uncommon trap: trap_request=0xffffffc6 fr.pc=0x0000016c746ef3c8 relative=0x0000000000000e28
Event: 13.909 Thread 0x0000016c0471b800 Uncommon trap: reason=bimorphic_or_optimized_type_check action=maybe_recompile pc=0x0000016c746ef3c8 method=java.util.HashMap.putVal(ILjava/lang/Object;Ljava/lang/Object;ZZ)Ljava/lang/Object; @ 203 c2
Event: 13.909 Thread 0x0000016c0471b800 DEOPT PACKING pc=0x0000016c746ef3c8 sp=0x00000048c33fbff0
Event: 13.909 Thread 0x0000016c0471b800 DEOPT UNPACKING pc=0x0000016c6cbba1af sp=0x00000048c33fbf90 mode 2
Event: 14.128 Thread 0x0000016c0471b800 Uncommon trap: trap_request=0xffffff4d fr.pc=0x0000016c746835fc relative=0x000000000000023c
Event: 14.128 Thread 0x0000016c0471b800 Uncommon trap: reason=unstable_if action=reinterpret pc=0x0000016c746835fc method=java.util.concurrent.ConcurrentHashMap.get(Ljava/lang/Object;)Ljava/lang/Object; @ 76 c2
Event: 14.128 Thread 0x0000016c0471b800 DEOPT PACKING pc=0x0000016c746835fc sp=0x00000048c33f8ff0
Event: 14.128 Thread 0x0000016c0471b800 DEOPT UNPACKING pc=0x0000016c6cbba1af sp=0x00000048c33f8f58 mode 2
Event: 14.268 Thread 0x0000016c0471b800 Uncommon trap: trap_request=0xffffff4d fr.pc=0x0000016c74704c64 relative=0x00000000000001a4
Event: 14.268 Thread 0x0000016c0471b800 Uncommon trap: reason=unstable_if action=reinterpret pc=0x0000016c74704c64 method=java.util.HashMap.getNode(ILjava/lang/Object;)Ljava/util/HashMap$Node; @ 129 c2
Event: 14.268 Thread 0x0000016c0471b800 DEOPT PACKING pc=0x0000016c74704c64 sp=0x00000048c33fd330
Event: 14.268 Thread 0x0000016c0471b800 DEOPT UNPACKING pc=0x0000016c6cbba1af sp=0x00000048c33fd240 mode 2

Classes redefined (0 events):
No events

Internal exceptions (20 events):
Event: 12.749 Thread 0x0000016c7f848800 Exception <a 'java/lang/NoSuchMethodError'{0x00000000830a6008}: <clinit>> (0x00000000830a6008) thrown at [./src/hotspot/share/prims/jni.cpp, line 1365]
Event: 12.758 Thread 0x0000016c7f848800 Exception <a 'java/lang/NoSuchMethodError'{0x00000000830d8b38}: <clinit>> (0x00000000830d8b38) thrown at [./src/hotspot/share/prims/jni.cpp, line 1365]
Event: 12.761 Thread 0x0000016c7f848800 Exception <a 'java/lang/NoSuchMethodError'{0x00000000830e3e68}: <clinit>> (0x00000000830e3e68) thrown at [./src/hotspot/share/prims/jni.cpp, line 1365]
Event: 12.877 Thread 0x0000016c0471b800 Exception <a 'java/lang/NoSuchMethodError'{0x0000000082d5bdf8}: 'void java.lang.invoke.DelegatingMethodHandle$Holder.reinvoke_L(java.lang.Object, java.lang.Object, java.lang.Object, java.lang.Object)'> (0x0000000082d5bdf8) thrown at [./src/hotspot/share/interpreter/linkResolver.cpp, line 773]
Event: 12.885 Thread 0x0000016c0471b800 Exception <a 'java/lang/NoSuchMethodError'{0x0000000082d94ed8}: 'long java.lang.invoke.DirectMethodHandle$Holder.invokeInterface(java.lang.Object, java.lang.Object)'> (0x0000000082d94ed8) thrown at [./src/hotspot/share/interpreter/linkResolver.cpp, line 773]
Event: 12.889 Thread 0x0000016c0471b800 Exception <a 'java/lang/NoSuchMethodError'{0x0000000082db4768}: 'void java.lang.invoke.DelegatingMethodHandle$Holder.reinvoke_L(java.lang.Object, java.lang.Object, java.lang.Object, java.lang.Object, java.lang.Object, java.lang.Object, java.lang.Object)'> (0x0000000082db4768) thrown at [./src/hotspot/share/interpreter/linkResolver.cpp, line 773]
Event: 13.095 Thread 0x0000016c0471b800 Exception <a 'java/lang/NoSuchMethodError'{0x0000000082543b80}: 'java.lang.Object java.lang.invoke.DirectMethodHandle$Holder.invokeVirtual(java.lang.Object, java.lang.Object, java.lang.Object)'> (0x0000000082543b80) thrown at [./src/hotspot/share/interpreter/linkResolver.cpp, line 773]
Event: 13.291 Thread 0x0000016c0471b800 Exception <a 'java/lang/NoSuchMethodError'{0x000000008349a5f0}: 'void java.lang.invoke.DirectMethodHandle$Holder.invokeStaticInit(java.lang.Object)'> (0x000000008349a5f0) thrown at [./src/hotspot/share/interpreter/linkResolver.cpp, line 773]
Event: 13.546 Thread 0x0000016c0471b800 Exception <a 'java/lang/NoSuchMethodError'{0x00000000837b7978}: 'int java.lang.invoke.DirectMethodHandle$Holder.invokeSpecialIFC(java.lang.Object, java.lang.Object, java.lang.Object, java.lang.Object)'> (0x00000000837b7978) thrown at [./src/hotspot/share/interpreter/linkResolver.cpp, line 773]
Event: 13.549 Thread 0x0000016c0471b800 Exception <a 'java/lang/NoSuchMethodError'{0x00000000837c5490}: 'java.lang.Object java.lang.invoke.DirectMethodHandle$Holder.invokeInterface(java.lang.Object, java.lang.Object, java.lang.Object)'> (0x00000000837c5490) thrown at [./src/hotspot/share/interpreter/linkResolver.cpp, line 773]
Event: 13.549 Thread 0x0000016c0471b800 Exception <a 'java/lang/IncompatibleClassChangeError'{0x00000000837c86c0}: Found class java.lang.Object, but interface was expected> (0x00000000837c86c0) thrown at [./src/hotspot/share/interpreter/linkResolver.cpp, line 839]
Event: 13.565 Thread 0x0000016c0471b800 Exception <a 'java/lang/NoSuchMethodError'{0x0000000083649780}: 'void java.lang.invoke.DirectMethodHandle$Holder.invokeSpecial(java.lang.Object, java.lang.Object, java.lang.Object, java.lang.Object)'> (0x0000000083649780) thrown at [./src/hotspot/share/interpreter/linkResolver.cpp, line 773]
Event: 13.845 Thread 0x0000016c0471b800 Exception <a 'java/lang/NoSuchMethodError'{0x0000000082a4a8f0}: 'java.lang.Object java.lang.invoke.DirectMethodHandle$Holder.invokeVirtual(java.lang.Object, java.lang.Object, java.lang.Object, java.lang.Object)'> (0x0000000082a4a8f0) thrown at [./src/hotspot/share/interpreter/linkResolver.cpp, line 773]
Event: 14.189 Thread 0x0000016c0471b800 Exception <a 'java/lang/NoSuchMethodError'{0x00000000835e8010}: 'void java.lang.invoke.DirectMethodHandle$Holder.invokeSpecial(java.lang.Object, java.lang.Object, java.lang.Object, java.lang.Object, java.lang.Object, java.lang.Object)'> (0x00000000835e8010) thrown at [./src/hotspot/share/interpreter/linkResolver.cpp, line 773]
Event: 14.249 Thread 0x0000016c0471b800 Exception <a 'java/lang/NoSuchMethodError'{0x000000008337fed8}: 'java.lang.Object java.lang.invoke.Invokers$Holder.invoker(java.lang.Object, java.lang.Object, java.lang.Object)'> (0x000000008337fed8) thrown at [./src/hotspot/share/interpreter/linkResolver.cpp, line 773]
Event: 14.288 Thread 0x0000016c0471b800 Exception <a 'java/lang/NoSuchMethodError'{0x000000008327a048}: 'void java.lang.invoke.DirectMethodHandle$Holder.invokeSpecial(java.lang.Object, java.lang.Object, java.lang.Object, java.lang.Object, java.lang.Object, java.lang.Object, java.lang.Object)'> (0x000000008327a048) thrown at [./src/hotspot/share/interpreter/linkResolver.cpp, line 773]
Event: 14.289 Thread 0x0000016c0471b800 Exception <a 'java/lang/NoSuchMethodError'{0x0000000083282290}: 'java.lang.Object java.lang.invoke.Invokers$Holder.linkToTargetMethod(java.lang.Object, java.lang.Object, java.lang.Object, java.lang.Object, java.lang.Object, java.lang.Object)'> (0x0000000083282290) thrown at [./src/hotspot/share/interpreter/linkResolver.cpp, line 773]
Event: 14.326 Thread 0x0000016c0471b800 Exception <a 'java/lang/NoSuchMethodError'{0x00000000831a8688}: 'java.lang.Object java.lang.invoke.DirectMethodHandle$Holder.invokeVirtual(java.lang.Object, java.lang.Object, java.lang.Object, java.lang.Object, java.lang.Object, java.lang.Object, java.lang.Object, java.lang.Object, java.lang.Object, java.lang.Object, java.lang.Object, java.lang.Object, java.lang.Object, java.lang.Object, java.lang.Object, java.lang.Object, java.lang.Object)'> (0x00000000831a8688) thrown at [./src/hotspot/share/interpreter/
Event: 14.466 Thread 0x0000016c0471b800 Exception <a 'java/lang/NoSuchMethodError'{0x0000000082c470a8}: 'int java.lang.invoke.DirectMethodHandle$Holder.invokeVirtual(java.lang.Object, java.lang.Object)'> (0x0000000082c470a8) thrown at [./src/hotspot/share/interpreter/linkResolver.cpp, line 773]
Event: 14.640 Thread 0x0000016c0471b800 Exception <a 'java/lang/NoSuchMethodError'{0x00000000829e6a60}: 'java.lang.Object java.lang.invoke.Invokers$Holder.linkToTargetMethod(java.lang.Object, int, java.lang.Object)'> (0x00000000829e6a60) thrown at [./src/hotspot/share/interpreter/linkResolver.cpp, line 773]

Events (20 events):
Event: 14.753 loading class org/gradle/initialization/BuildOperationSettingsProcessor$2$1
Event: 14.753 loading class org/gradle/initialization/BuildOperationSettingsProcessor$2$1 done
Event: 14.753 loading class org/gradle/initialization/EvaluateSettingsBuildOperationType$Details
Event: 14.753 loading class org/gradle/initialization/EvaluateSettingsBuildOperationType$Details done
Event: 14.754 loading class org/gradle/groovy/scripts/TextResourceScriptSource
Event: 14.754 loading class org/gradle/groovy/scripts/TextResourceScriptSource done
Event: 14.756 loading class org/gradle/internal/resource/UriTextResource
Event: 14.756 loading class org/gradle/internal/resource/UriTextResource done
Event: 14.758 loading class org/gradle/internal/resource/ResourceIsAFolderException
Event: 14.758 loading class org/gradle/internal/resource/ResourceIsAFolderException done
Event: 14.760 loading class org/gradle/internal/resource/ResourceLocation
Event: 14.760 loading class org/gradle/internal/resource/ResourceLocation done
Event: 14.764 loading class org/gradle/api/internal/initialization/RootScriptDomainObjectContext
Event: 14.764 loading class org/gradle/api/internal/initialization/RootScriptDomainObjectContext done
Event: 14.766 loading class org/gradle/api/internal/artifacts/DefaultDependencyManagementServices$ArtifactTransformResolutionGradleUserHomeServices
Event: 14.766 loading class org/gradle/api/internal/artifacts/DefaultDependencyManagementServices$ArtifactTransformResolutionGradleUserHomeServices done
Event: 14.771 loading class org/gradle/api/internal/artifacts/DefaultDependencyManagementServices$DependencyResolutionScopeServices
Event: 14.771 loading class org/gradle/api/internal/artifacts/DefaultDependencyManagementServices$DependencyResolutionScopeServices done
Event: 14.774 loading class org/gradle/api/internal/artifacts/query/ArtifactResolutionQueryFactory
Event: 14.774 loading class org/gradle/api/internal/artifacts/query/ArtifactResolutionQueryFactory done


Dynamic libraries:
0x00007ff61df50000 - 0x00007ff61df5a000 	C:\Program Files\Android\Android Studio\jre\bin\java.exe
0x00007ff899af0000 - 0x00007ff899d04000 	C:\WINDOWS\SYSTEM32\ntdll.dll
0x00007ff8981f0000 - 0x00007ff8982b3000 	C:\WINDOWS\System32\KERNEL32.DLL
0x00007ff8973a0000 - 0x00007ff89773d000 	C:\WINDOWS\System32\KERNELBASE.dll
0x00007ff897740000 - 0x00007ff897851000 	C:\WINDOWS\System32\ucrtbase.dll
0x00007ff860410000 - 0x00007ff860429000 	C:\Program Files\Android\Android Studio\jre\bin\jli.dll
0x00007ff8603f0000 - 0x00007ff860407000 	C:\Program Files\Android\Android Studio\jre\bin\VCRUNTIME140.dll
0x00007ff8978e0000 - 0x00007ff897a8d000 	C:\WINDOWS\System32\USER32.dll
0x00007ff8971b0000 - 0x00007ff8971d6000 	C:\WINDOWS\System32\win32u.dll
0x00007ff897f50000 - 0x00007ff897f79000 	C:\WINDOWS\System32\GDI32.dll
0x00007ff897280000 - 0x00007ff897392000 	C:\WINDOWS\System32\gdi32full.dll
0x00007ff8971e0000 - 0x00007ff89727a000 	C:\WINDOWS\System32\msvcp_win.dll
0x00007ff880f70000 - 0x00007ff8811fe000 	C:\WINDOWS\WinSxS\amd64_microsoft.windows.common-controls_6595b64144ccf1df_6.0.22621.608_none_a9444ca7c10bb01d\COMCTL32.dll
0x00007ff897a90000 - 0x00007ff897b37000 	C:\WINDOWS\System32\msvcrt.dll
0x00007ff897b40000 - 0x00007ff897b72000 	C:\WINDOWS\System32\IMM32.DLL
0x00007ff860350000 - 0x00007ff8603ed000 	C:\Program Files\Android\Android Studio\jre\bin\msvcp140.dll
0x00007ff820020000 - 0x00007ff820b05000 	C:\Program Files\Android\Android Studio\jre\bin\server\jvm.dll
0x00007ff899280000 - 0x00007ff89932e000 	C:\WINDOWS\System32\ADVAPI32.dll
0x00007ff897c90000 - 0x00007ff897d34000 	C:\WINDOWS\System32\sechost.dll
0x00007ff899720000 - 0x00007ff899835000 	C:\WINDOWS\System32\RPCRT4.dll
0x00007ff898a60000 - 0x00007ff898a68000 	C:\WINDOWS\System32\PSAPI.DLL
0x00007ff8718c0000 - 0x00007ff8718c9000 	C:\WINDOWS\SYSTEM32\WSOCK32.dll
0x00007ff898560000 - 0x00007ff8985d1000 	C:\WINDOWS\System32\WS2_32.dll
0x00007ff88e900000 - 0x00007ff88e934000 	C:\WINDOWS\SYSTEM32\WINMM.dll
0x00007ff88e180000 - 0x00007ff88e18a000 	C:\WINDOWS\SYSTEM32\VERSION.dll
0x00007ff895f20000 - 0x00007ff895f38000 	C:\WINDOWS\SYSTEM32\kernel.appcore.dll
0x00007ff86b280000 - 0x00007ff86b291000 	C:\Program Files\Android\Android Studio\jre\bin\verify.dll
0x00007ff882a70000 - 0x00007ff882c9e000 	C:\WINDOWS\SYSTEM32\DBGHELP.DLL
0x00007ff899330000 - 0x00007ff8996ba000 	C:\WINDOWS\System32\combase.dll
0x00007ff897fe0000 - 0x00007ff8980b7000 	C:\WINDOWS\System32\OLEAUT32.dll
0x00007ff87a160000 - 0x00007ff87a192000 	C:\WINDOWS\SYSTEM32\dbgcore.DLL
0x00007ff897860000 - 0x00007ff8978db000 	C:\WINDOWS\System32\bcryptPrimitives.dll
0x00007ff85f8b0000 - 0x00007ff85f8d9000 	C:\Program Files\Android\Android Studio\jre\bin\java.dll
0x00007ff87eca0000 - 0x00007ff87ecab000 	C:\Program Files\Android\Android Studio\jre\bin\jimage.dll
0x00007ff860260000 - 0x00007ff860278000 	C:\Program Files\Android\Android Studio\jre\bin\zip.dll
0x00007ff898a90000 - 0x00007ff89927f000 	C:\WINDOWS\System32\SHELL32.dll
0x00007ff894f40000 - 0x00007ff895808000 	C:\WINDOWS\SYSTEM32\windows.storage.dll
0x00007ff894e00000 - 0x00007ff894f3e000 	C:\WINDOWS\SYSTEM32\wintypes.dll
0x00007ff8999b0000 - 0x00007ff899aa1000 	C:\WINDOWS\System32\SHCORE.dll
0x00007ff8996c0000 - 0x00007ff89971e000 	C:\WINDOWS\System32\shlwapi.dll
0x00007ff896e40000 - 0x00007ff896e61000 	C:\WINDOWS\SYSTEM32\profapi.dll
0x00007ff85e060000 - 0x00007ff85e07a000 	C:\Program Files\Android\Android Studio\jre\bin\net.dll
0x00007ff88e410000 - 0x00007ff88e53f000 	C:\WINDOWS\SYSTEM32\WINHTTP.dll
0x00007ff8963d0000 - 0x00007ff896439000 	C:\WINDOWS\system32\mswsock.dll
0x00007ff859ef0000 - 0x00007ff859f04000 	C:\Program Files\Android\Android Studio\jre\bin\nio.dll
0x00007ff84c580000 - 0x00007ff84c5a7000 	C:\Users\hp\.gradle\native\f6784746aeab05261644944871eae4fe03e0ef1612fff0a4a95f87b438bc6780\windows-amd64\native-platform.dll
0x00007ff87e9c0000 - 0x00007ff87e9ca000 	C:\Program Files\Android\Android Studio\jre\bin\management.dll
0x00007ff878f60000 - 0x00007ff878f6d000 	C:\Program Files\Android\Android Studio\jre\bin\management_ext.dll
0x00007ff896630000 - 0x00007ff89664b000 	C:\WINDOWS\SYSTEM32\CRYPTSP.dll
0x00007ff895ee0000 - 0x00007ff895f15000 	C:\WINDOWS\system32\rsaenh.dll
0x00007ff8964c0000 - 0x00007ff8964e8000 	C:\WINDOWS\SYSTEM32\USERENV.dll
0x00007ff8967c0000 - 0x00007ff8967e8000 	C:\WINDOWS\SYSTEM32\bcrypt.dll
0x00007ff896620000 - 0x00007ff89662c000 	C:\WINDOWS\SYSTEM32\CRYPTBASE.dll
0x00007ff895aa0000 - 0x00007ff895acd000 	C:\WINDOWS\SYSTEM32\IPHLPAPI.DLL
0x00007ff897f40000 - 0x00007ff897f49000 	C:\WINDOWS\System32\NSI.dll
0x00007ff88e160000 - 0x00007ff88e179000 	C:\WINDOWS\SYSTEM32\dhcpcsvc6.DLL
0x00007ff88e0a0000 - 0x00007ff88e0bf000 	C:\WINDOWS\SYSTEM32\dhcpcsvc.DLL
0x00007ff895b20000 - 0x00007ff895c12000 	C:\WINDOWS\SYSTEM32\DNSAPI.dll
0x00007ff894500000 - 0x00007ff89450d000 	C:\WINDOWS\SYSTEM32\WINNSI.DLL

dbghelp: loaded successfully - version: 4.0.5 - missing functions: none
symbol engine: initialized successfully - sym options: 0x614 - pdb path: .;C:\Program Files\Android\Android Studio\jre\bin;C:\WINDOWS\SYSTEM32;C:\WINDOWS\WinSxS\amd64_microsoft.windows.common-controls_6595b64144ccf1df_6.0.22621.608_none_a9444ca7c10bb01d;C:\Program Files\Android\Android Studio\jre\bin\server;C:\Users\hp\.gradle\native\f6784746aeab05261644944871eae4fe03e0ef1612fff0a4a95f87b438bc6780\windows-amd64

VM Arguments:
jvm_args: --add-opens=java.base/java.util=ALL-UNNAMED --add-opens=java.base/java.lang=ALL-UNNAMED --add-opens=java.base/java.lang.invoke=ALL-UNNAMED --add-opens=java.prefs/java.util.prefs=ALL-UNNAMED -Xmx2048m -Dfile.encoding=UTF-8 -Duser.country=IN -Duser.language=en -Duser.variant 
java_command: org.gradle.launcher.daemon.bootstrap.GradleDaemon 6.5
java_class_path (initial): C:\Users\hp\.gradle\wrapper\dists\gradle-6.5-all\2oz4ud9k3tuxjg84bbf55q0tn\gradle-6.5\lib\gradle-launcher-6.5.jar
Launcher Type: SUN_STANDARD

[Global flags]
     intx CICompilerCount                          = 3                                         {product} {ergonomic}
     uint ConcGCThreads                            = 1                                         {product} {ergonomic}
     uint G1ConcRefinementThreads                  = 4                                         {product} {ergonomic}
   size_t G1HeapRegionSize                         = 1048576                                   {product} {ergonomic}
    uintx GCDrainStackTargetSize                   = 64                                        {product} {ergonomic}
   size_t InitialHeapSize                          = 58720256                                  {product} {ergonomic}
   size_t MarkStackSize                            = 4194304                                   {product} {ergonomic}
   size_t MaxHeapSize                              = 2147483648                                {product} {command line}
   size_t MaxNewSize                               = 1287651328                                {product} {ergonomic}
   size_t MinHeapDeltaBytes                        = 1048576                                   {product} {ergonomic}
    uintx NonNMethodCodeHeapSize                   = 5830732                                {pd product} {ergonomic}
    uintx NonProfiledCodeHeapSize                  = 122913754                              {pd product} {ergonomic}
    uintx ProfiledCodeHeapSize                     = 122913754                              {pd product} {ergonomic}
    uintx ReservedCodeCacheSize                    = 251658240                              {pd product} {ergonomic}
     bool SegmentedCodeCache                       = true                                      {product} {ergonomic}
     bool UseCompressedClassPointers               = true                                 {lp64_product} {ergonomic}
     bool UseCompressedOops                        = true                                 {lp64_product} {ergonomic}
     bool UseG1GC                                  = true                                      {product} {ergonomic}
     bool UseLargePagesIndividualAllocation        = false                                  {pd product} {ergonomic}

Logging:
Log output configuration:
 #0: stdout all=warning uptime,level,tags
 #1: stderr all=off uptime,level,tags

Environment Variables:
JAVA_HOME=C:\Program Files\Java\jdk-17.0.1
PATH=C:\Program Files\Python311\Scripts\;C:\Program Files\Python311\;C:\Program Files\Common Files\Oracle\Java\javapath;C:\WINDOWS\system32;C:\WINDOWS;C:\WINDOWS\System32\Wbem;C:\WINDOWS\System32\WindowsPowerShell\v1.0\;C:\WINDOWS\System32\OpenSSH\;C:\Program Files\Java\jdk-17.0.1\bin;C:\Program Files\dotnet\;%SystemRoot%\system32;%SystemRoot%;%SystemRoot%\System32\Wbem;%SYSTEMROOT%\System32\WindowsPowerShell\v1.0\;%SYSTEMROOT%\System32\OpenSSH\;C:\Users\hp\AppData\Local\Microsoft\WindowsApps;;C:\Users\hp\AppData\Local\Programs\Microsoft VS Code\bin;C:\Users\hp\.dotnet\tools
USERNAME=hp
OS=Windows_NT
PROCESSOR_IDENTIFIER=AMD64 Family 23 Model 24 Stepping 1, AuthenticAMD



---------------  S Y S T E M  ---------------

OS: Windows 10 , 64 bit Build 22621 (10.0.22621.963)
OS uptime: 0 days 16:36 hours

CPU:total 4 (initial active 4) (4 cores per cpu, 1 threads per core) family 23 model 24 stepping 1 microcode 0x0, cmov, cx8, fxsr, mmx, sse, sse2, sse3, ssse3, sse4.1, sse4.2, popcnt, avx, avx2, aes, clmul, mmxext, 3dnowpref, lzcnt, sse4a, tsc, tscinvbit, tscinv, bmi1, bmi2, adx, sha, fma

Memory: 4k page, system-wide physical 3526M (232M free)
TotalPageFile size 14278M (AvailPageFile size 4M)
current process WorkingSet (physical memory assigned to process): 145M, peak: 145M
current process commit charge ("private bytes"): 186M, peak: 186M

vm_info: OpenJDK 64-Bit Server VM (11.0.12+7-b1504.28-7817840) for windows-amd64 JRE (11.0.12+7-b1504.28-7817840), built on Oct 13 2021 22:12:33 by "builder" with MS VC++ 14.0 (VS2015)

END.
